This is pdfTeX, Version 3.1415926-1.40.10 (TeX Live 2009/Debian) (format=pdflatex 2011.11.25)  19 MAR 2012 04:05
entering extended mode
 %&-line parsing enabled.
**potts.tex
(./potts.tex
LaTeX2e <2009/09/24>
Babel <v3.8l> and hyphenation patterns for english, usenglishmax, dumylang, noh
yphenation, bulgarian, ukrainian, russian, loaded.
(/usr/share/texmf-texlive/tex/latex/base/article.cls
Document Class: article 2007/10/19 v1.4h Standard LaTeX document class
(/usr/share/texmf-texlive/tex/latex/base/size12.clo
File: size12.clo 2007/10/19 v1.4h Standard LaTeX file (size option)
)
\c@part=\count79
\c@section=\count80
\c@subsection=\count81
\c@subsubsection=\count82
\c@paragraph=\count83
\c@subparagraph=\count84
\c@figure=\count85
\c@table=\count86
\abovecaptionskip=\skip41
\belowcaptionskip=\skip42
\bibindent=\dimen102
)
(/usr/share/texmf/tex/latex/feynmf/feynmf.sty
Package: feynmf 1996/12/02 v1.08 LaTeX/Metafont Feynman Diagram Package (ohl)
\@outfmf=\write3
\fmfbuf@=\toks14
\c@fmfgraph=\count87
\grep@infile=\read1
\grep@outfile=\write4
)
(/usr/share/texmf-texlive/tex/latex/amsmath/amsmath.sty
Package: amsmath 2000/07/18 v2.13 AMS math features
\@mathmargin=\skip43

For additional information on amsmath, use the `?' option.
(/usr/share/texmf-texlive/tex/latex/amsmath/amstext.sty
Package: amstext 2000/06/29 v2.01

(/usr/share/texmf-texlive/tex/latex/amsmath/amsgen.sty
File: amsgen.sty 1999/11/30 v2.0
\@emptytoks=\toks15
\ex@=\dimen103
))
(/usr/share/texmf-texlive/tex/latex/amsmath/amsbsy.sty
Package: amsbsy 1999/11/29 v1.2d
\pmbraise@=\dimen104
)
(/usr/share/texmf-texlive/tex/latex/amsmath/amsopn.sty
Package: amsopn 1999/12/14 v2.01 operator names
)
\inf@bad=\count88
LaTeX Info: Redefining \frac on input line 211.
\uproot@=\count89
\leftroot@=\count90
LaTeX Info: Redefining \overline on input line 307.
\classnum@=\count91
\DOTSCASE@=\count92
LaTeX Info: Redefining \ldots on input line 379.
LaTeX Info: Redefining \dots on input line 382.
LaTeX Info: Redefining \cdots on input line 467.
\Mathstrutbox@=\box26
\strutbox@=\box27
\big@size=\dimen105
LaTeX Font Info:    Redeclaring font encoding OML on input line 567.
LaTeX Font Info:    Redeclaring font encoding OMS on input line 568.
\macc@depth=\count93
\c@MaxMatrixCols=\count94
\dotsspace@=\muskip10
\c@parentequation=\count95
\dspbrk@lvl=\count96
\tag@help=\toks16
\row@=\count97
\column@=\count98
\maxfields@=\count99
\andhelp@=\toks17
\eqnshift@=\dimen106
\alignsep@=\dimen107
\tagshift@=\dimen108
\tagwidth@=\dimen109
\totwidth@=\dimen110
\lineht@=\dimen111
\@envbody=\toks18
\multlinegap=\skip44
\multlinetaggap=\skip45
\mathdisplay@stack=\toks19
LaTeX Info: Redefining \[ on input line 2666.
LaTeX Info: Redefining \] on input line 2667.
)
(/usr/share/texmf-texlive/tex/latex/oberdiek/epstopdf.sty
Package: epstopdf 2009/10/17 v2.4 Conversion with epstopdf on the fly (HO)

(/usr/share/texmf-texlive/tex/latex/oberdiek/epstopdf-base.sty
Package: epstopdf-base 2009/10/17 v2.4 Base part for package epstopdf

(/usr/share/texmf-texlive/tex/generic/oberdiek/infwarerr.sty
Package: infwarerr 2007/09/09 v1.2 Providing info/warning/message (HO)
)
(/usr/share/texmf-texlive/tex/latex/oberdiek/grfext.sty
Package: grfext 2007/09/30 v1.0 Managing graphics extensions (HO)
)
(/usr/share/texmf-texlive/tex/latex/oberdiek/kvoptions.sty
Package: kvoptions 2009/08/13 v3.4 Keyval support for LaTeX options (HO)

(/usr/share/texmf-texlive/tex/latex/graphics/keyval.sty
Package: keyval 1999/03/16 v1.13 key=value parser (DPC)
\KV@toks@=\toks20
)
(/usr/share/texmf-texlive/tex/generic/oberdiek/kvsetkeys.sty
Package: kvsetkeys 2009/07/30 v1.5 Key value parser with default handler suppor
t (HO)

(/usr/share/texmf-texlive/tex/generic/oberdiek/etexcmds.sty
Package: etexcmds 2007/12/12 v1.2 Prefix for e-TeX command names (HO)
Package etexcmds Info: Could not find \expanded.
(etexcmds)             That can mean that you are not using pdfTeX 1.50 or
(etexcmds)             that some package has redefined \expanded.
(etexcmds)             In the latter case, load this package earlier.
)))
(/usr/share/texmf-texlive/tex/generic/oberdiek/pdftexcmds.sty
Package: pdftexcmds 2009/09/23 v0.6 LuaTeX support for pdfTeX utility functions
 (HO)

(/usr/share/texmf-texlive/tex/generic/oberdiek/ifluatex.sty
Package: ifluatex 2009/04/17 v1.2 Provides the ifluatex switch (HO)
Package ifluatex Info: LuaTeX not detected.
)
(/usr/share/texmf-texlive/tex/generic/oberdiek/ltxcmds.sty
Package: ltxcmds 2009/08/05 v1.0 Some LaTeX kernel commands for general use (HO
)
)
Package pdftexcmds Info: LuaTeX not detected.
Package pdftexcmds Info: \pdf@primitive is available.
Package pdftexcmds Info: \pdf@ifprimitive is available.
)

Package epstopdf Warning: No graphics package `graphic{s,x}' loaded.

)) (/usr/share/texmf-texlive/tex/latex/graphics/graphicx.sty
Package: graphicx 1999/02/16 v1.0f Enhanced LaTeX Graphics (DPC,SPQR)

(/usr/share/texmf-texlive/tex/latex/graphics/graphics.sty
Package: graphics 2009/02/05 v1.0o Standard LaTeX Graphics (DPC,SPQR)

(/usr/share/texmf-texlive/tex/latex/graphics/trig.sty
Package: trig 1999/03/16 v1.09 sin cos tan (DPC)
)
(/etc/texmf/tex/latex/config/graphics.cfg
File: graphics.cfg 2009/08/28 v1.8 graphics configuration of TeX Live
)
Package graphics Info: Driver file: pdftex.def on input line 91.

(/usr/share/texmf-texlive/tex/latex/pdftex-def/pdftex.def
File: pdftex.def 2010/03/12 v0.04p Graphics/color for pdfTeX
\Gread@gobject=\count100
))
\Gin@req@height=\dimen112
\Gin@req@width=\dimen113
) (./potts.aux)
\openout1 = `potts.aux'.

LaTeX Font Info:    Checking defaults for OML/cmm/m/it on input line 36.
LaTeX Font Info:    ... okay on input line 36.
LaTeX Font Info:    Checking defaults for T1/cmr/m/n on input line 36.
LaTeX Font Info:    ... okay on input line 36.
LaTeX Font Info:    Checking defaults for OT1/cmr/m/n on input line 36.
LaTeX Font Info:    ... okay on input line 36.
LaTeX Font Info:    Checking defaults for OMS/cmsy/m/n on input line 36.
LaTeX Font Info:    ... okay on input line 36.
LaTeX Font Info:    Checking defaults for OMX/cmex/m/n on input line 36.
LaTeX Font Info:    ... okay on input line 36.
LaTeX Font Info:    Checking defaults for U/cmr/m/n on input line 36.
LaTeX Font Info:    ... okay on input line 36.

(/usr/share/texmf-texlive/tex/context/base/supp-pdf.mkii
[Loading MPS to PDF converter (version 2006.09.02).]
\scratchcounter=\count101
\scratchdimen=\dimen114
\scratchbox=\box28
\nofMPsegments=\count102
\nofMParguments=\count103
\everyMPshowfont=\toks21
\MPscratchCnt=\count104
\MPscratchDim=\dimen115
\MPnumerator=\count105
\everyMPtoPDFconversion=\toks22
) [1

{/var/lib/texmf/fonts/map/pdftex/updmap/pdftex.map}]

LaTeX Warning: No \author given.

[2]
Overfull \hbox (9.3239pt too wide) in paragraph at lines 134--140
\OT1/cmr/m/n/12 with two bare prop-a-ga-tors $\OMS/cmsy/m/n/12 h\OML/cmm/m/it/1
2   []\OMS/cmsy/m/n/12 i[]\OML/cmm/m/it/12 ;  \OMS/cmsy/m/n/12 h\OML/cmm/m/it/1
2   \OMS/cmsy/m/n/12 i[]$ \OT1/cmr/m/n/12 and triple ver-tex $\OMS/cmsy/m/n/12 
^^X \OML/cmm/m/it/12  [] []$\OT1/cmr/m/n/12 . In the frequency-
 []

[3] [4] [5] [6] [7]

feynmf: File ds7dkfgs97ad.tfm found.
feynmf: Nevertheless, if the picture has changed, reprocess ds7dkfgs97ad.mf.
feynmf: If dimension have changed, reprocess ds7dkfgs97ad.mf and potts.tex.
\openout3 = `ds7dkfgs97ad.mf'.

feynmf: Label file ds7dkfgs97ad.t1 not found:
feynmf: Process ds7dkfgs97ad.mf with METAFONT and then reprocess this file.
feynmf: Label file ds7dkfgs97ad.t2 not found:
feynmf: Process ds7dkfgs97ad.mf with METAFONT and then reprocess this file.


feynmf: File ds1sgk7dfs97ad.tfm found.
feynmf: Nevertheless, if the picture has changed, reprocess ds1sgk7dfs97ad.mf.
feynmf: If dimension have changed, reprocess ds1sgk7dfs97ad.mf and potts.tex.
\openout3 = `ds1sgk7dfs97ad.mf'.

feynmf: Label file ds1sgk7dfs97ad.t1 not found:
feynmf: Process ds1sgk7dfs97ad.mf with METAFONT and then reprocess this file.
feynmf: Label file ds1sgk7dfs97ad.t2 not found:
feynmf: Process ds1sgk7dfs97ad.mf with METAFONT and then reprocess this file.


feynmf: File sgff6dggif0.tfm found.
feynmf: Nevertheless, if the picture has changed, reprocess sgff6dggif0.mf.
feynmf: If dimension have changed, reprocess sgff6dggif0.mf and potts.tex.
\openout3 = `sgff6dggif0.mf'.

feynmf: Label file sgff6dggif0.t1 not found:
feynmf: Process sgff6dggif0.mf with METAFONT and then reprocess this file.


feynmf: File ddg7gf0.tfm found.
feynmf: Nevertheless, if the picture has changed, reprocess ddg7gf0.mf.
feynmf: If dimension have changed, reprocess ddg7gf0.mf and potts.tex.
\openout3 = `ddg7gf0.mf'.

feynmf: Label file ddg7gf0.t1 not found:
feynmf: Process ddg7gf0.mf with METAFONT and then reprocess this file.


feynmf: File 8gsdg0.tfm found.
feynmf: Nevertheless, if the picture has changed, reprocess 8gsdg0.mf.
feynmf: If dimension have changed, reprocess 8gsdg0.mf and potts.tex.
\openout3 = `8gsdg0.mf'.

feynmf: Label file 8gsdg0.t1 not found:
feynmf: Process 8gsdg0.mf with METAFONT and then reprocess this file.


feynmf: File sgffgdgd6if0.tfm found.
feynmf: Nevertheless, if the picture has changed, reprocess sgffgdgd6if0.mf.
feynmf: If dimension have changed, reprocess sgffgdgd6if0.mf and potts.tex.
\openout3 = `sgffgdgd6if0.mf'.

feynmf: Label file sgffgdgd6if0.t1 not found:
feynmf: Process sgffgdgd6if0.mf with METAFONT and then reprocess this file.


feynmf: File d7fggfdgf0.tfm found.
feynmf: Nevertheless, if the picture has changed, reprocess d7fggfdgf0.mf.
feynmf: If dimension have changed, reprocess d7fggfdgf0.mf and potts.tex.
\openout3 = `d7fggfdgf0.mf'.

feynmf: Label file d7fggfdgf0.t1 not found:
feynmf: Process d7fggfdgf0.mf with METAFONT and then reprocess this file.


feynmf: File 8gfgdggs0.tfm found.
feynmf: Nevertheless, if the picture has changed, reprocess 8gfgdggs0.mf.
feynmf: If dimension have changed, reprocess 8gfgdggs0.mf and potts.tex.
\openout3 = `8gfgdggs0.mf'.

feynmf: Label file 8gfgdggs0.t1 not found:
feynmf: Process 8gfgdggs0.mf with METAFONT and then reprocess this file.
[8] [9]
Overfull \hbox (4.12384pt too wide) in paragraph at lines 667--677
\OMS/cmsy/m/n/12 f\OML/cmm/m/it/12 ^^U[]; ^^\[]; u[]; w[]; a[]; m[]; []\OMS/cm
sy/m/n/12 g$ \OT1/cmr/m/n/12 is the full set of bare pa-ram-e-ters and $\OML/cm
m/m/it/12 e \OT1/cmr/m/n/12 = \OMS/cmsy/m/n/12 f\OML/cmm/m/it/12 ^^U; ^^\; u; w
; a; m; \OMS/cmsy/m/n/12 g$
 []

[10]
Overfull \hbox (26.23836pt too wide) in paragraph at lines 782--782
[]\OT1/cmr/bx/n/17.28 Attractors of the RG equa-tions and scal-ing regimes
 []

[11] [12]
Missing character: There is no Ô in font cmr12!
Missing character: There is no ¨ in font cmr12!
Missing character: There is no Å in font cmr12!
Missing character: There is no Œ in font cmr12!
Missing character: There is no ± in font cmr12!
Missing character: There is no Œ in font cmr12!
Missing character: There is no ± in font cmr12!
Missing character: There is no ‚ in font cmr12!
Missing character: There is no à in font cmr12!
Missing character: There is no û in font cmr12!
Missing character: There is no Ô in font cmr12!
Missing character: There is no ¨ in font cmr12!
Missing character: There is no É in font cmr12!
Missing character: There is no ‚ in font cmr12!
Missing character: There is no à in font cmr12!
Missing character: There is no í in font cmr12!
Missing character: There is no ‚ in font cmr12!
Missing character: There is no à in font cmr12!
Missing character: There is no í in font cmr12!
Missing character: There is no ‚ in font cmr12!
Missing character: There is no à in font cmr12!
Missing character: There is no í in font cmr12!
Missing character: There is no ‚ in font cmr12!
Missing character: There is no à in font cmr12!
Missing character: There is no í in font cmr12!
Missing character: There is no Ô in font cmr12!
Missing character: There is no ¨ in font cmr12!
Missing character: There is no É in font cmr12!
Missing character: There is no Œ in font cmr12!
Missing character: There is no ± in font cmr12!
Missing character: There is no ‚ in font cmr12!
Missing character: There is no à in font cmr12!
Missing character: There is no í in font cmr12!
Missing character: There is no Œ in font cmr12!
Missing character: There is no ± in font cmr12!
Missing character: There is no ‚ in font cmr12!
Missing character: There is no à in font cmr12!
Missing character: There is no í in font cmr12!
Missing character: There is no ‚ in font cmr12!
Missing character: There is no à in font cmr12!
Missing character: There is no í in font cmr12!
Missing character: There is no Œ in font cmr12!
Missing character: There is no ± in font cmr12!
Missing character: There is no Œ in font cmr12!
Missing character: There is no ± in font cmr12!
Missing character: There is no Œ in font cmr12!
Missing character: There is no ± in font cmr12!
 <./Diagram1.pdf, id=61, 227.85126pt x 256.96pt>
File: ./Diagram1.pdf Graphic file (type pdf)
 <use ./Diagram1.pdf>
[13] <./Diagram3.pdf, id=66, 227.85126pt x 256.96pt>
File: ./Diagram3.pdf Graphic file (type pdf)
 <use ./Diagram3.pdf>
<./Diagram4.pdf, id=67, 227.85126pt x 256.96pt>
File: ./Diagram4.pdf Graphic file (type pdf)
 <use ./Diagram4.pdf>
<./Diagram5.pdf, id=68, 227.85126pt x 256.96pt>
File: ./Diagram5.pdf Graphic file (type pdf)
 <use ./Diagram5.pdf> [14 <./Diagram1.pdf>] [15 <./Diagram3.pdf> <./Diagram4.pd
f>]
Missing character: There is no ‚ in font cmr12!
Missing character: There is no à in font cmr12!
Missing character: There is no í in font cmr12!
Missing character: There is no ‚ in font cmr12!
Missing character: There is no à in font cmr12!
Missing character: There is no í in font cmr12!
Missing character: There is no ‚ in font cmr12!
Missing character: There is no à in font cmr12!
Missing character: There is no í in font cmr12!
Missing character: There is no ‚ in font cmr12!
Missing character: There is no à in font cmr12!
Missing character: There is no í in font cmr12!

<./Diagram6.pdf, id=84, 227.85126pt x 256.96pt>
File: ./Diagram6.pdf Graphic file (type pdf)
 <use ./Diagram6.pdf>
<./Diagram7.pdf, id=85, 227.85126pt x 256.96pt>
File: ./Diagram7.pdf Graphic file (type pdf)
 <use ./Diagram7.pdf>
<./Diagram8.pdf, id=86, 227.85126pt x 256.96pt>
File: ./Diagram8.pdf Graphic file (type pdf)
 <use ./Diagram8.pdf> [16 <./Diagram5.pdf>] [17 <./Diagram6.pdf> <./Diagram7.pd
f>]

LaTeX Warning: Reference `ActionAR' on page 18 undefined on input line 1025.


LaTeX Warning: Reference `ActionCR' on page 18 undefined on input line 1025.


LaTeX Warning: Reference `aesoA' on page 18 undefined on input line 1026.


LaTeX Warning: Reference `anomA' on page 18 undefined on input line 1027.

[18 <./Diagram8.pdf>]

LaTeX Warning: Reference `fig:pattA' on page 19 undefined on input line 1081.


LaTeX Warning: Reference `sec:GPS' on page 19 undefined on input line 1112.


LaTeX Warning: Reference `anomA' on page 19 undefined on input line 1113.


LaTeX Warning: Reference `anomG' on page 19 undefined on input line 1114.


LaTeX Warning: Reference `aesoG' on page 19 undefined on input line 1115.


LaTeX Warning: Reference `tableG' on page 19 undefined on input line 1116.


LaTeX Warning: Reference `tableA' on page 19 undefined on input line 1117.

[19]

LaTeX Warning: Reference `tableG' on page 20 undefined on input line 1144.


LaTeX Warning: Reference `symm' on page 20 undefined on input line 1147.


LaTeX Warning: Reference `symmG' on page 20 undefined on input line 1147.


LaTeX Warning: Reference `GSymm' on page 20 undefined on input line 1148.

[20]

LaTeX Warning: Reference `tableG' on page 21 undefined on input line 1240.


LaTeX Warning: Reference `tableA' on page 21 undefined on input line 1240.

[21]

LaTeX Warning: Reference `tableG' on page 22 undefined on input line 1264.

[22] [23] [24] (./potts.aux)

LaTeX Warning: There were undefined references.

 ) 
Here is how much of TeX's memory you used:
 2114 strings out of 494818
 26023 string characters out of 1178665
 90204 words of memory out of 3000000
 5271 multiletter control sequences out of 15000+50000
 11970 words of font info for 50 fonts, out of 3000000 for 9000
 212 hyphenation exceptions out of 8191
 41i,10n,23p,279b,249s stack positions out of 5000i,500n,10000p,200000b,50000s
 <./8gfgdggs0.600pk> <./d7fggfdgf0.600pk> <./sgffgdgd6if0.600pk> <./8gsdg0.60
0pk> <./ddg7gf0.600pk> <./sgff6dggif0.600pk> <./ds1sgk7dfs97ad.600pk> <./ds7dkf
gs97ad.600pk></usr/share/texmf-texlive/fonts/type1/public/amsfonts/cm/cmbx10.pf
b></usr/share/texmf-texlive/fonts/type1/public/amsfonts/cm/cmbx12.pfb></usr/sha
re/texmf-texlive/fonts/type1/public/amsfonts/cm/cmbx8.pfb></usr/share/texmf-tex
live/fonts/type1/public/amsfonts/cm/cmex10.pfb></usr/share/texmf-texlive/fonts/
type1/public/amsfonts/cm/cmmi12.pfb></usr/share/texmf-texlive/fonts/type1/publi
c/amsfonts/cm/cmmi6.pfb></usr/share/texmf-texlive/fonts/type1/public/amsfonts/c
m/cmmi8.pfb></usr/share/texmf-texlive/fonts/type1/public/amsfonts/cm/cmr12.pfb>
</usr/share/texmf-texlive/fonts/type1/public/amsfonts/cm/cmr17.pfb></usr/share/
texmf-texlive/fonts/type1/public/amsfonts/cm/cmr6.pfb></usr/share/texmf-texlive
/fonts/type1/public/amsfonts/cm/cmr8.pfb></usr/share/texmf-texlive/fonts/type1/
public/amsfonts/cm/cmsy10.pfb></usr/share/texmf-texlive/fonts/type1/public/amsf
onts/cm/cmsy6.pfb></usr/share/texmf-texlive/fonts/type1/public/amsfonts/cm/cmsy
8.pfb></usr/share/texmf-texlive/fonts/type1/public/amsfonts/cm/cmti12.pfb>
Output written on potts.pdf (24 pages, 347202 bytes).
PDF statistics:
 209 PDF objects out of 1000 (max. 8388607)
 0 named destinations out of 1000 (max. 500000)
 36 words of extra memory for PDF output out of 10000 (max. 10000000)

