This is pdfTeX, Version 3.1415926-2.4-1.40.13 (TeX Live 2012) (format=pdflatex 2013.11.6)  6 NOV 2013 21:04
entering extended mode
 restricted \write18 enabled.
 file:line:error style messages enabled.
 %&-line parsing enabled.
**./graphs.tex
(./graphs.tex
LaTeX2e <2011/06/27>
Babel <v3.8m> and hyphenation patterns for english, dumylang, nohyphenation, bu
lgarian, russian, ukrainian, loaded.
(/usr/share/texmf-dist/tex/latex/base/article.cls
Document Class: article 2007/10/19 v1.4h Standard LaTeX document class
(/usr/share/texmf-dist/tex/latex/base/size12.clo
File: size12.clo 2007/10/19 v1.4h Standard LaTeX file (size option)
)
\c@part=\count79
\c@section=\count80
\c@subsection=\count81
\c@subsubsection=\count82
\c@paragraph=\count83
\c@subparagraph=\count84
\c@figure=\count85
\c@table=\count86
\abovecaptionskip=\skip41
\belowcaptionskip=\skip42
\bibindent=\dimen102
)
(/usr/share/texmf-dist/tex/latex/graphics/graphicx.sty
Package: graphicx 1999/02/16 v1.0f Enhanced LaTeX Graphics (DPC,SPQR)

(/usr/share/texmf-dist/tex/latex/graphics/keyval.sty
Package: keyval 1999/03/16 v1.13 key=value parser (DPC)
\KV@toks@=\toks14
)
(/usr/share/texmf-dist/tex/latex/graphics/graphics.sty
Package: graphics 2009/02/05 v1.0o Standard LaTeX Graphics (DPC,SPQR)

(/usr/share/texmf-dist/tex/latex/graphics/trig.sty
Package: trig 1999/03/16 v1.09 sin cos tan (DPC)
)
(/usr/share/texmf-dist/tex/latex/latexconfig/graphics.cfg
File: graphics.cfg 2010/04/23 v1.9 graphics configuration of TeX Live
)
Package graphics Info: Driver file: pdftex.def on input line 91.

(/usr/share/texmf-dist/tex/latex/pdftex-def/pdftex.def
File: pdftex.def 2011/05/27 v0.06d Graphics/color for pdfTeX

(/usr/share/texmf-dist/tex/generic/oberdiek/infwarerr.sty
Package: infwarerr 2010/04/08 v1.3 Providing info/warning/error messages (HO)
)
(/usr/share/texmf-dist/tex/generic/oberdiek/ltxcmds.sty
Package: ltxcmds 2011/11/09 v1.22 LaTeX kernel commands for general use (HO)
)
\Gread@gobject=\count87
))
\Gin@req@height=\dimen103
\Gin@req@width=\dimen104
)
(/usr/share/texmf-dist/tex/latex/caption/caption.sty
Package: caption 2012/02/19 v3.2f Customizing captions (AR)

(/usr/share/texmf-dist/tex/latex/caption/caption3.sty
Package: caption3 2012/01/12 v1.4b caption3 kernel (AR)
\captionmargin=\dimen105
\captionmargin@=\dimen106
\captionwidth=\dimen107
\caption@indent=\dimen108
\caption@parindent=\dimen109
\caption@hangindent=\dimen110
)
\c@ContinuedFloat=\count88
)
(/usr/share/texmf-dist/tex/latex/tools/calc.sty
Package: calc 2007/08/22 v4.3 Infix arithmetic (KKT,FJ)
\calc@Acount=\count89
\calc@Bcount=\count90
\calc@Adimen=\dimen111
\calc@Bdimen=\dimen112
\calc@Askip=\skip43
\calc@Bskip=\skip44
LaTeX Info: Redefining \setlength on input line 76.
LaTeX Info: Redefining \addtolength on input line 77.
\calc@Ccount=\count91
\calc@Cskip=\skip45
)
(/usr/share/texmf-dist/tex/latex/amsmath/amsmath.sty
Package: amsmath 2000/07/18 v2.13 AMS math features
\@mathmargin=\skip46

For additional information on amsmath, use the `?' option.
(/usr/share/texmf-dist/tex/latex/amsmath/amstext.sty
Package: amstext 2000/06/29 v2.01

(/usr/share/texmf-dist/tex/latex/amsmath/amsgen.sty
File: amsgen.sty 1999/11/30 v2.0
\@emptytoks=\toks15
\ex@=\dimen113
))
(/usr/share/texmf-dist/tex/latex/amsmath/amsbsy.sty
Package: amsbsy 1999/11/29 v1.2d
\pmbraise@=\dimen114
)
(/usr/share/texmf-dist/tex/latex/amsmath/amsopn.sty
Package: amsopn 1999/12/14 v2.01 operator names
)
\inf@bad=\count92
LaTeX Info: Redefining \frac on input line 211.
\uproot@=\count93
\leftroot@=\count94
LaTeX Info: Redefining \overline on input line 307.
\classnum@=\count95
\DOTSCASE@=\count96
LaTeX Info: Redefining \ldots on input line 379.
LaTeX Info: Redefining \dots on input line 382.
LaTeX Info: Redefining \cdots on input line 467.
\Mathstrutbox@=\box26
\strutbox@=\box27
\big@size=\dimen115
LaTeX Font Info:    Redeclaring font encoding OML on input line 567.
LaTeX Font Info:    Redeclaring font encoding OMS on input line 568.
\macc@depth=\count97
\c@MaxMatrixCols=\count98
\dotsspace@=\muskip10
\c@parentequation=\count99
\dspbrk@lvl=\count100
\tag@help=\toks16
\row@=\count101
\column@=\count102
\maxfields@=\count103
\andhelp@=\toks17
\eqnshift@=\dimen116
\alignsep@=\dimen117
\tagshift@=\dimen118
\tagwidth@=\dimen119
\totwidth@=\dimen120
\lineht@=\dimen121
\@envbody=\toks18
\multlinegap=\skip47
\multlinetaggap=\skip48
\mathdisplay@stack=\toks19
LaTeX Info: Redefining \[ on input line 2666.
LaTeX Info: Redefining \] on input line 2667.
)
(/usr/share/texmf-dist/tex/latex/amsfonts/amssymb.sty
Package: amssymb 2009/06/22 v3.00

(/usr/share/texmf-dist/tex/latex/amsfonts/amsfonts.sty
Package: amsfonts 2009/06/22 v3.00 Basic AMSFonts support
\symAMSa=\mathgroup4
\symAMSb=\mathgroup5
LaTeX Font Info:    Overwriting math alphabet `\mathfrak' in version `bold'
(Font)                  U/euf/m/n --> U/euf/b/n on input line 96.
))
(/usr/share/texmf-dist/tex/latex/tools/bm.sty
Package: bm 2004/02/26 v1.1c Bold Symbol Support (DPC/FMi)
\symboldoperators=\mathgroup6
\symboldletters=\mathgroup7
\symboldsymbols=\mathgroup8
LaTeX Font Info:    Redeclaring math alphabet \mathbf on input line 138.
LaTeX Info: Redefining \bm on input line 204.
)
(/usr/share/texmf-dist/tex/latex/url/url.sty
\Urlmuskip=\muskip11
Package: url 2006/04/12  ver 3.3  Verb mode for urls, etc.
)
(/usr/share/texmf-dist/tex/latex/tools/longtable.sty
Package: longtable 2004/02/01 v4.11 Multi-page Table package (DPC)
\LTleft=\skip49
\LTright=\skip50
\LTpre=\skip51
\LTpost=\skip52
\LTchunksize=\count104
\LTcapwidth=\dimen122
\LT@head=\box28
\LT@firsthead=\box29
\LT@foot=\box30
\LT@lastfoot=\box31
\LT@cols=\count105
\LT@rows=\count106
\c@LT@tables=\count107
\c@LT@chunks=\count108
\LT@p@ftn=\toks20
)

! LaTeX Error: File `titlesec.sty' not found.

Type X to quit or <RETURN> to proceed,
or enter new name. (Default extension: sty)

Enter file name: 
./graphs.tex:16: Interruption.
<to be read again> 
                   }
l.16 \usepackage
                {multirow} %zlucovanie riadkov^^M
? 

! LaTeX Error: File `multirow.sty' not found.

Type X to quit or <RETURN> to proceed,
or enter new name. (Default extension: sty)

Enter file name: 

! LaTeX Error: File `parcolumns.sty' not found.

Type X to quit or <RETURN> to proceed,
or enter new name. (Default extension: sty)

Enter file name: 

! LaTeX Error: File `relsize.sty' not found.

Type X to quit or <RETURN> to proceed,
or enter new name. (Default extension: sty)

Enter file name: 
(/usr/share/texmf-dist/tex/latex/graphics/epsfig.sty
Package: epsfig 1999/02/16 v1.7a (e)psfig emulation (SPQR)
\epsfxsize=\dimen123
\epsfysize=\dimen124
)
No file graphs.aux.
\openout1 = `graphs.aux'.

LaTeX Font Info:    Checking defaults for OML/cmm/m/it on input line 64.
LaTeX Font Info:    ... okay on input line 64.
LaTeX Font Info:    Checking defaults for T1/cmr/m/n on input line 64.
LaTeX Font Info:    ... okay on input line 64.
LaTeX Font Info:    Checking defaults for OT1/cmr/m/n on input line 64.
LaTeX Font Info:    ... okay on input line 64.
LaTeX Font Info:    Checking defaults for OMS/cmsy/m/n on input line 64.
LaTeX Font Info:    ... okay on input line 64.
LaTeX Font Info:    Checking defaults for OMX/cmex/m/n on input line 64.
LaTeX Font Info:    ... okay on input line 64.
LaTeX Font Info:    Checking defaults for U/cmr/m/n on input line 64.
LaTeX Font Info:    ... okay on input line 64.
(/usr/share/texmf-dist/tex/context/base/supp-pdf.mkii
[Loading MPS to PDF converter (version 2006.09.02).]
\scratchcounter=\count109
\scratchdimen=\dimen125
\scratchbox=\box32
\nofMPsegments=\count110
\nofMParguments=\count111
\everyMPshowfont=\toks21
\MPscratchCnt=\count112
\MPscratchDim=\dimen126
\MPnumerator=\count113
\makeMPintoPDFobject=\count114
\everyMPtoPDFconversion=\toks22
) (/usr/share/texmf-dist/tex/generic/oberdiek/pdftexcmds.sty
Package: pdftexcmds 2011/11/29 v0.20 Utility functions of pdfTeX for LuaTeX (HO
)

(/usr/share/texmf-dist/tex/generic/oberdiek/ifluatex.sty
Package: ifluatex 2010/03/01 v1.3 Provides the ifluatex switch (HO)
Package ifluatex Info: LuaTeX not detected.
)
(/usr/share/texmf-dist/tex/generic/oberdiek/ifpdf.sty
Package: ifpdf 2011/01/30 v2.3 Provides the ifpdf switch (HO)
Package ifpdf Info: pdfTeX in PDF mode is detected.
)
Package pdftexcmds Info: LuaTeX not detected.
Package pdftexcmds Info: \pdf@primitive is available.
Package pdftexcmds Info: \pdf@ifprimitive is available.
Package pdftexcmds Info: \pdfdraftmode found.
)
(/usr/share/texmf-dist/tex/latex/oberdiek/epstopdf-base.sty
Package: epstopdf-base 2010/02/09 v2.5 Base part for package epstopdf

(/usr/share/texmf-dist/tex/latex/oberdiek/grfext.sty
Package: grfext 2010/08/19 v1.1 Manage graphics extensions (HO)

(/usr/share/texmf-dist/tex/generic/oberdiek/kvdefinekeys.sty
Package: kvdefinekeys 2011/04/07 v1.3 Define keys (HO)
))
(/usr/share/texmf-dist/tex/latex/oberdiek/kvoptions.sty
Package: kvoptions 2011/06/30 v3.11 Key value format for package options (HO)

(/usr/share/texmf-dist/tex/generic/oberdiek/kvsetkeys.sty
Package: kvsetkeys 2012/04/25 v1.16 Key value parser (HO)

(/usr/share/texmf-dist/tex/generic/oberdiek/etexcmds.sty
Package: etexcmds 2011/02/16 v1.5 Avoid name clashes with e-TeX commands (HO)
Package etexcmds Info: Could not find \expanded.
(etexcmds)             That can mean that you are not using pdfTeX 1.50 or
(etexcmds)             that some package has redefined \expanded.
(etexcmds)             In the latter case, load this package earlier.
)))
Package grfext Info: Graphics extension search list:
(grfext)             [.png,.pdf,.jpg,.mps,.jpeg,.jbig2,.jb2,.PNG,.PDF,.JPG,.JPE
G,.JBIG2,.JB2,.eps]
(grfext)             \AppendGraphicsExtensions on input line 452.

(/usr/share/texmf-dist/tex/latex/latexconfig/epstopdf-sys.cfg
File: epstopdf-sys.cfg 2010/07/13 v1.3 Configuration of (r)epstopdf for TeX Liv
e
))
Package caption Info: Begin \AtBeginDocument code.
Package caption Info: longtable package is loaded.

(/usr/share/texmf-dist/tex/latex/caption/ltcaption.sty
Package: ltcaption 2011/09/12 v1.3 longtable captions (AR)
)
Package caption Info: End \AtBeginDocument code.
LaTeX Font Info:    Try loading font information for U+msa on input line 69.

(/usr/share/texmf-dist/tex/latex/amsfonts/umsa.fd
File: umsa.fd 2009/06/22 v3.00 AMS symbols A
)
LaTeX Font Info:    Try loading font information for U+msb on input line 69.

(/usr/share/texmf-dist/tex/latex/amsfonts/umsb.fd
File: umsb.fd 2009/06/22 v3.00 AMS symbols B
)
Package epstopdf Info: Source file: <figure/obr1.eps>
(epstopdf)                    date: 2013-05-27 11:38:16
(epstopdf)                    size: 26028 bytes
(epstopdf)             Output file: <figure/obr1-eps-converted-to.pdf>
(epstopdf)             Command: <repstopdf --outfile=figure/obr1-eps-converted-
to.pdf figure/obr1.eps>
(epstopdf)             \includegraphics on input line 81.
runsystem(repstopdf --outfile=figure/obr1-eps-converted-to.pdf figure/obr1.eps)
...executed safely (allowed).

Package epstopdf Info: Result file: <figure/obr1-eps-converted-to.pdf>
(epstopdf)                    date: 2013-11-06 21:04:31
(epstopdf)                    size: 12156 bytes.

<figure/obr1-eps-converted-to.pdf, id=1, 469.755pt x 112.42pt>
File: figure/obr1-eps-converted-to.pdf Graphic file (type pdf)

<use figure/obr1-eps-converted-to.pdf>
Package pdftex.def Info: figure/obr1-eps-converted-to.pdf used on input line 81
.
(pdftex.def)             Requested size: 107.00203pt x 25.6073pt.
Package epstopdf Info: Source file: <figure/obr2.eps>
(epstopdf)                    date: 2013-05-27 11:40:10
(epstopdf)                    size: 5015 bytes
(epstopdf)             Output file: <figure/obr2-eps-converted-to.pdf>
(epstopdf)             Command: <repstopdf --outfile=figure/obr2-eps-converted-
to.pdf figure/obr2.eps>
(epstopdf)             \includegraphics on input line 83.
runsystem(repstopdf --outfile=figure/obr2-eps-converted-to.pdf figure/obr2.eps)
...executed safely (allowed).

Package epstopdf Info: Result file: <figure/obr2-eps-converted-to.pdf>
(epstopdf)                    date: 2013-11-06 21:04:31
(epstopdf)                    size: 3243 bytes.

<figure/obr2-eps-converted-to.pdf, id=2, 469.755pt x 107.40125pt>
File: figure/obr2-eps-converted-to.pdf Graphic file (type pdf)

<use figure/obr2-eps-converted-to.pdf>
Package pdftex.def Info: figure/obr2-eps-converted-to.pdf used on input line 83
.
(pdftex.def)             Requested size: 111.99805pt x 25.6073pt.
Package epstopdf Info: Source file: <figure/obr3.eps>
(epstopdf)                    date: 2013-05-27 11:44:16
(epstopdf)                    size: 24038 bytes
(epstopdf)             Output file: <figure/obr3-eps-converted-to.pdf>
(epstopdf)             Command: <repstopdf --outfile=figure/obr3-eps-converted-
to.pdf figure/obr3.eps>
(epstopdf)             \includegraphics on input line 84.
runsystem(repstopdf --outfile=figure/obr3-eps-converted-to.pdf figure/obr3.eps)
...executed safely (allowed).

Package epstopdf Info: Result file: <figure/obr3-eps-converted-to.pdf>
(epstopdf)                    date: 2013-11-06 21:04:32
(epstopdf)                    size: 12260 bytes.

<figure/obr3-eps-converted-to.pdf, id=3, 469.755pt x 205.76875pt>
File: figure/obr3-eps-converted-to.pdf Graphic file (type pdf)

<use figure/obr3-eps-converted-to.pdf>
Package pdftex.def Info: figure/obr3-eps-converted-to.pdf used on input line 84
.
(pdftex.def)             Requested size: 97.43292pt x 42.67912pt.
Package epstopdf Info: Source file: <figure/obr4.eps>
(epstopdf)                    date: 2013-05-27 12:02:56
(epstopdf)                    size: 13838 bytes
(epstopdf)             Output file: <figure/obr4-eps-converted-to.pdf>
(epstopdf)             Command: <repstopdf --outfile=figure/obr4-eps-converted-
to.pdf figure/obr4.eps>
(epstopdf)             \includegraphics on input line 89.
runsystem(repstopdf --outfile=figure/obr4-eps-converted-to.pdf figure/obr4.eps)
...executed safely (allowed).

Package epstopdf Info: Result file: <figure/obr4-eps-converted-to.pdf>
(epstopdf)                    date: 2013-11-06 21:04:32
(epstopdf)                    size: 6140 bytes.

<figure/obr4-eps-converted-to.pdf, id=4, 469.755pt x 167.62625pt>
File: figure/obr4-eps-converted-to.pdf Graphic file (type pdf)

<use figure/obr4-eps-converted-to.pdf>
Package pdftex.def Info: figure/obr4-eps-converted-to.pdf used on input line 89
.
(pdftex.def)             Requested size: 95.67679pt x 34.14322pt.
Package epstopdf Info: Source file: <figure/obr5.eps>
(epstopdf)                    date: 2013-05-27 12:06:34
(epstopdf)                    size: 21575 bytes
(epstopdf)             Output file: <figure/obr5-eps-converted-to.pdf>
(epstopdf)             Command: <repstopdf --outfile=figure/obr5-eps-converted-
to.pdf figure/obr5.eps>
(epstopdf)             \includegraphics on input line 90.
runsystem(repstopdf --outfile=figure/obr5-eps-converted-to.pdf figure/obr5.eps)
...executed safely (allowed).

Package epstopdf Info: Result file: <figure/obr5-eps-converted-to.pdf>
(epstopdf)                    date: 2013-11-06 21:04:32
(epstopdf)                    size: 9638 bytes.

<figure/obr5-eps-converted-to.pdf, id=5, 469.755pt x 167.62625pt>
File: figure/obr5-eps-converted-to.pdf Graphic file (type pdf)

<use figure/obr5-eps-converted-to.pdf>
Package pdftex.def Info: figure/obr5-eps-converted-to.pdf used on input line 90
.
(pdftex.def)             Requested size: 95.67679pt x 34.14322pt.
Package epstopdf Info: Source file: <figure/obr6.eps>
(epstopdf)                    date: 2013-05-27 12:30:32
(epstopdf)                    size: 34334 bytes
(epstopdf)             Output file: <figure/obr6-eps-converted-to.pdf>
(epstopdf)             Command: <repstopdf --outfile=figure/obr6-eps-converted-
to.pdf figure/obr6.eps>
(epstopdf)             \includegraphics on input line 91.
runsystem(repstopdf --outfile=figure/obr6-eps-converted-to.pdf figure/obr6.eps)
...executed safely (allowed).

Package epstopdf Info: Result file: <figure/obr6-eps-converted-to.pdf>
(epstopdf)                    date: 2013-11-06 21:04:33
(epstopdf)                    size: 16027 bytes.

<figure/obr6-eps-converted-to.pdf, id=6, 469.755pt x 112.42pt>
File: figure/obr6-eps-converted-to.pdf Graphic file (type pdf)

<use figure/obr6-eps-converted-to.pdf>
Package pdftex.def Info: figure/obr6-eps-converted-to.pdf used on input line 91
.
(pdftex.def)             Requested size: 107.00203pt x 25.6073pt.
Package epstopdf Info: Source file: <figure/obr7.eps>
(epstopdf)                    date: 2013-05-27 12:29:54
(epstopdf)                    size: 34648 bytes
(epstopdf)             Output file: <figure/obr7-eps-converted-to.pdf>
(epstopdf)             Command: <repstopdf --outfile=figure/obr7-eps-converted-
to.pdf figure/obr7.eps>
(epstopdf)             \includegraphics on input line 92.
runsystem(repstopdf --outfile=figure/obr7-eps-converted-to.pdf figure/obr7.eps)
...executed safely (allowed).

Package epstopdf Info: Result file: <figure/obr7-eps-converted-to.pdf>
(epstopdf)                    date: 2013-11-06 21:04:33
(epstopdf)                    size: 16027 bytes.

<figure/obr7-eps-converted-to.pdf, id=7, 469.755pt x 112.42pt>
File: figure/obr7-eps-converted-to.pdf Graphic file (type pdf)

<use figure/obr7-eps-converted-to.pdf>
Package pdftex.def Info: figure/obr7-eps-converted-to.pdf used on input line 92
.
(pdftex.def)             Requested size: 107.00203pt x 25.6073pt.
Package epstopdf Info: Source file: <figure/obr8.eps>
(epstopdf)                    date: 2013-05-27 12:19:34
(epstopdf)                    size: 6948 bytes
(epstopdf)             Output file: <figure/obr8-eps-converted-to.pdf>
(epstopdf)             Command: <repstopdf --outfile=figure/obr8-eps-converted-
to.pdf figure/obr8.eps>
(epstopdf)             \includegraphics on input line 97.
runsystem(repstopdf --outfile=figure/obr8-eps-converted-to.pdf figure/obr8.eps)
...executed safely (allowed).

Package epstopdf Info: Result file: <figure/obr8-eps-converted-to.pdf>
(epstopdf)                    date: 2013-11-06 21:04:33
(epstopdf)                    size: 3832 bytes.

<figure/obr8-eps-converted-to.pdf, id=8, 469.755pt x 178.6675pt>
File: figure/obr8-eps-converted-to.pdf Graphic file (type pdf)

<use figure/obr8-eps-converted-to.pdf>
Package pdftex.def Info: figure/obr8-eps-converted-to.pdf used on input line 97
.
(pdftex.def)             Requested size: 89.77046pt x 34.14322pt.
Package epstopdf Info: Source file: <figure/obr9.eps>
(epstopdf)                    date: 2013-05-27 12:22:58
(epstopdf)                    size: 14711 bytes
(epstopdf)             Output file: <figure/obr9-eps-converted-to.pdf>
(epstopdf)             Command: <repstopdf --outfile=figure/obr9-eps-converted-
to.pdf figure/obr9.eps>
(epstopdf)             \includegraphics on input line 98.
runsystem(repstopdf --outfile=figure/obr9-eps-converted-to.pdf figure/obr9.eps)
...executed safely (allowed).

Package epstopdf Info: Result file: <figure/obr9-eps-converted-to.pdf>
(epstopdf)                    date: 2013-11-06 21:04:34
(epstopdf)                    size: 7332 bytes.

<figure/obr9-eps-converted-to.pdf, id=9, 469.755pt x 184.69pt>
File: figure/obr9-eps-converted-to.pdf Graphic file (type pdf)

<use figure/obr9-eps-converted-to.pdf>
Package pdftex.def Info: figure/obr9-eps-converted-to.pdf used on input line 98
.
(pdftex.def)             Requested size: 86.8388pt x 34.14322pt.
Package epstopdf Info: Source file: <figure/obr10.eps>
(epstopdf)                    date: 2013-05-27 12:26:38
(epstopdf)                    size: 18527 bytes
(epstopdf)             Output file: <figure/obr10-eps-converted-to.pdf>
(epstopdf)             Command: <repstopdf --outfile=figure/obr10-eps-converted
-to.pdf figure/obr10.eps>
(epstopdf)             \includegraphics on input line 99.
runsystem(repstopdf --outfile=figure/obr10-eps-converted-to.pdf figure/obr10.ep
s)...executed safely (allowed).

Package epstopdf Info: Result file: <figure/obr10-eps-converted-to.pdf>
(epstopdf)                    date: 2013-11-06 21:04:34
(epstopdf)                    size: 9161 bytes.

<figure/obr10-eps-converted-to.pdf, id=10, 469.755pt x 178.6675pt>
File: figure/obr10-eps-converted-to.pdf Graphic file (type pdf)

<use figure/obr10-eps-converted-to.pdf>
Package pdftex.def Info: figure/obr10-eps-converted-to.pdf used on input line 9
9.
(pdftex.def)             Requested size: 89.77046pt x 34.14322pt.
Package epstopdf Info: Source file: <figure/obr11.eps>
(epstopdf)                    date: 2013-05-27 12:20:32
(epstopdf)                    size: 6791 bytes
(epstopdf)             Output file: <figure/obr11-eps-converted-to.pdf>
(epstopdf)             Command: <repstopdf --outfile=figure/obr11-eps-converted
-to.pdf figure/obr11.eps>
(epstopdf)             \includegraphics on input line 104.
runsystem(repstopdf --outfile=figure/obr11-eps-converted-to.pdf figure/obr11.ep
s)...executed safely (allowed).

Package epstopdf Info: Result file: <figure/obr11-eps-converted-to.pdf>
(epstopdf)                    date: 2013-11-06 21:04:34
(epstopdf)                    size: 3781 bytes.

<figure/obr11-eps-converted-to.pdf, id=11, 469.755pt x 178.6675pt>
File: figure/obr11-eps-converted-to.pdf Graphic file (type pdf)

<use figure/obr11-eps-converted-to.pdf>
Package pdftex.def Info: figure/obr11-eps-converted-to.pdf used on input line 1
04.
(pdftex.def)             Requested size: 89.77046pt x 34.14322pt.
Package epstopdf Info: Source file: <figure/obr12.eps>
(epstopdf)                    date: 2013-05-27 12:53:06
(epstopdf)                    size: 14554 bytes
(epstopdf)             Output file: <figure/obr12-eps-converted-to.pdf>
(epstopdf)             Command: <repstopdf --outfile=figure/obr12-eps-converted
-to.pdf figure/obr12.eps>
(epstopdf)             \includegraphics on input line 105.
runsystem(repstopdf --outfile=figure/obr12-eps-converted-to.pdf figure/obr12.ep
s)...executed safely (allowed).

Package epstopdf Info: Result file: <figure/obr12-eps-converted-to.pdf>
(epstopdf)                    date: 2013-11-06 21:04:35
(epstopdf)                    size: 7265 bytes.

<figure/obr12-eps-converted-to.pdf, id=12, 469.755pt x 181.67876pt>
File: figure/obr12-eps-converted-to.pdf Graphic file (type pdf)

<use figure/obr12-eps-converted-to.pdf>
Package pdftex.def Info: figure/obr12-eps-converted-to.pdf used on input line 1
05.
(pdftex.def)             Requested size: 88.27954pt x 34.14322pt.
Package epstopdf Info: Source file: <figure/obr13.eps>
(epstopdf)                    date: 2013-05-27 12:28:02
(epstopdf)                    size: 18370 bytes
(epstopdf)             Output file: <figure/obr13-eps-converted-to.pdf>
(epstopdf)             Command: <repstopdf --outfile=figure/obr13-eps-converted
-to.pdf figure/obr13.eps>
(epstopdf)             \includegraphics on input line 106.
runsystem(repstopdf --outfile=figure/obr13-eps-converted-to.pdf figure/obr13.ep
s)...executed safely (allowed).

Package epstopdf Info: Result file: <figure/obr13-eps-converted-to.pdf>
(epstopdf)                    date: 2013-11-06 21:04:35
(epstopdf)                    size: 9107 bytes.

<figure/obr13-eps-converted-to.pdf, id=13, 469.755pt x 178.6675pt>
File: figure/obr13-eps-converted-to.pdf Graphic file (type pdf)

<use figure/obr13-eps-converted-to.pdf>
Package pdftex.def Info: figure/obr13-eps-converted-to.pdf used on input line 1
06.
(pdftex.def)             Requested size: 89.77046pt x 34.14322pt.
Package epstopdf Info: Source file: <figure/obr14.eps>
(epstopdf)                    date: 2013-05-27 12:40:44
(epstopdf)                    size: 18784 bytes
(epstopdf)             Output file: <figure/obr14-eps-converted-to.pdf>
(epstopdf)             Command: <repstopdf --outfile=figure/obr14-eps-converted
-to.pdf figure/obr14.eps>
(epstopdf)             \includegraphics on input line 111.
runsystem(repstopdf --outfile=figure/obr14-eps-converted-to.pdf figure/obr14.ep
s)...executed safely (allowed).

Package epstopdf Info: Result file: <figure/obr14-eps-converted-to.pdf>
(epstopdf)                    date: 2013-11-06 21:04:35
(epstopdf)                    size: 7550 bytes.

<figure/obr14-eps-converted-to.pdf, id=14, 469.755pt x 214.8025pt>
File: figure/obr14-eps-converted-to.pdf Graphic file (type pdf)

<use figure/obr14-eps-converted-to.pdf>
Package pdftex.def Info: figure/obr14-eps-converted-to.pdf used on input line 1
11.
(pdftex.def)             Requested size: 74.66774pt x 34.14322pt.
Package epstopdf Info: Source file: <figure/obr15.eps>
(epstopdf)                    date: 2013-05-27 12:43:24
(epstopdf)                    size: 25415 bytes
(epstopdf)             Output file: <figure/obr15-eps-converted-to.pdf>
(epstopdf)             Command: <repstopdf --outfile=figure/obr15-eps-converted
-to.pdf figure/obr15.eps>
(epstopdf)             \includegraphics on input line 112.
runsystem(repstopdf --outfile=figure/obr15-eps-converted-to.pdf figure/obr15.ep
s)...executed safely (allowed).

Package epstopdf Info: Result file: <figure/obr15-eps-converted-to.pdf>
(epstopdf)                    date: 2013-11-06 21:04:36
(epstopdf)                    size: 10731 bytes.

<figure/obr15-eps-converted-to.pdf, id=15, 469.755pt x 214.8025pt>
File: figure/obr15-eps-converted-to.pdf Graphic file (type pdf)

<use figure/obr15-eps-converted-to.pdf>
Package pdftex.def Info: figure/obr15-eps-converted-to.pdf used on input line 1
12.
(pdftex.def)             Requested size: 74.66774pt x 34.14322pt.
Package epstopdf Info: Source file: <figure/obr16.eps>
(epstopdf)                    date: 2013-05-27 12:45:00
(epstopdf)                    size: 18623 bytes
(epstopdf)             Output file: <figure/obr16-eps-converted-to.pdf>
(epstopdf)             Command: <repstopdf --outfile=figure/obr16-eps-converted
-to.pdf figure/obr16.eps>
(epstopdf)             \includegraphics on input line 113.
runsystem(repstopdf --outfile=figure/obr16-eps-converted-to.pdf figure/obr16.ep
s)...executed safely (allowed).

Package epstopdf Info: Result file: <figure/obr16-eps-converted-to.pdf>
(epstopdf)                    date: 2013-11-06 21:04:36
(epstopdf)                    size: 8048 bytes.

<figure/obr16-eps-converted-to.pdf, id=16, 469.755pt x 214.8025pt>
File: figure/obr16-eps-converted-to.pdf Graphic file (type pdf)

<use figure/obr16-eps-converted-to.pdf>
Package pdftex.def Info: figure/obr16-eps-converted-to.pdf used on input line 1
13.
(pdftex.def)             Requested size: 74.66774pt x 34.14322pt.
Package epstopdf Info: Source file: <figure/obr17.eps>
(epstopdf)                    date: 2013-05-27 12:11:06
(epstopdf)                    size: 22183 bytes
(epstopdf)             Output file: <figure/obr17-eps-converted-to.pdf>
(epstopdf)             Command: <repstopdf --outfile=figure/obr17-eps-converted
-to.pdf figure/obr17.eps>
(epstopdf)             \includegraphics on input line 114.
runsystem(repstopdf --outfile=figure/obr17-eps-converted-to.pdf figure/obr17.ep
s)...executed safely (allowed).

Package epstopdf Info: Result file: <figure/obr17-eps-converted-to.pdf>
(epstopdf)                    date: 2013-11-06 21:04:36
(epstopdf)                    size: 10949 bytes.

<figure/obr17-eps-converted-to.pdf, id=17, 469.755pt x 169.63374pt>
File: figure/obr17-eps-converted-to.pdf Graphic file (type pdf)

<use figure/obr17-eps-converted-to.pdf>
Package pdftex.def Info: figure/obr17-eps-converted-to.pdf used on input line 1
14.
(pdftex.def)             Requested size: 94.54427pt x 34.14322pt.
Package epstopdf Info: Source file: <figure/obr18.eps>
(epstopdf)                    date: 2013-05-27 12:08:36
(epstopdf)                    size: 30674 bytes
(epstopdf)             Output file: <figure/obr18-eps-converted-to.pdf>
(epstopdf)             Command: <repstopdf --outfile=figure/obr18-eps-converted
-to.pdf figure/obr18.eps>
(epstopdf)             \includegraphics on input line 115.
runsystem(repstopdf --outfile=figure/obr18-eps-converted-to.pdf figure/obr18.ep
s)...executed safely (allowed).

Package epstopdf Info: Result file: <figure/obr18-eps-converted-to.pdf>
(epstopdf)                    date: 2013-11-06 21:04:37
(epstopdf)                    size: 14779 bytes.

<figure/obr18-eps-converted-to.pdf, id=18, 469.755pt x 168.63pt>
File: figure/obr18-eps-converted-to.pdf Graphic file (type pdf)

<use figure/obr18-eps-converted-to.pdf>
Package pdftex.def Info: figure/obr18-eps-converted-to.pdf used on input line 1
15.
(pdftex.def)             Requested size: 95.11052pt x 34.14322pt.
Package epstopdf Info: Source file: <figure/obr19.eps>
(epstopdf)                    date: 2013-05-27 12:52:32
(epstopdf)                    size: 31323 bytes
(epstopdf)             Output file: <figure/obr19-eps-converted-to.pdf>
(epstopdf)             Command: <repstopdf --outfile=figure/obr19-eps-converted
-to.pdf figure/obr19.eps>
(epstopdf)             \includegraphics on input line 116.
runsystem(repstopdf --outfile=figure/obr19-eps-converted-to.pdf figure/obr19.ep
s)...executed safely (allowed).

Package epstopdf Info: Result file: <figure/obr19-eps-converted-to.pdf>
(epstopdf)                    date: 2013-11-06 21:04:37
(epstopdf)                    size: 15307 bytes.

<figure/obr19-eps-converted-to.pdf, id=19, 469.755pt x 169.63374pt>
File: figure/obr19-eps-converted-to.pdf Graphic file (type pdf)

<use figure/obr19-eps-converted-to.pdf>
Package pdftex.def Info: figure/obr19-eps-converted-to.pdf used on input line 1
16.
(pdftex.def)             Requested size: 94.54427pt x 34.14322pt.
Package epstopdf Info: Source file: <figure/obr20.eps>
(epstopdf)                    date: 2013-05-27 12:49:08
(epstopdf)                    size: 31247 bytes
(epstopdf)             Output file: <figure/obr20-eps-converted-to.pdf>
(epstopdf)             Command: <repstopdf --outfile=figure/obr20-eps-converted
-to.pdf figure/obr20.eps>
(epstopdf)             \includegraphics on input line 117.
runsystem(repstopdf --outfile=figure/obr20-eps-converted-to.pdf figure/obr20.ep
s)...executed safely (allowed).

Package epstopdf Info: Result file: <figure/obr20-eps-converted-to.pdf>
(epstopdf)                    date: 2013-11-06 21:04:37
(epstopdf)                    size: 15198 bytes.

<figure/obr20-eps-converted-to.pdf, id=20, 469.755pt x 169.63374pt>
File: figure/obr20-eps-converted-to.pdf Graphic file (type pdf)

<use figure/obr20-eps-converted-to.pdf>
Package pdftex.def Info: figure/obr20-eps-converted-to.pdf used on input line 1
17.
(pdftex.def)             Requested size: 94.54427pt x 34.14322pt.
Package epstopdf Info: Source file: <figure/obr21.eps>
(epstopdf)                    date: 2013-05-27 12:33:16
(epstopdf)                    size: 43039 bytes
(epstopdf)             Output file: <figure/obr21-eps-converted-to.pdf>
(epstopdf)             Command: <repstopdf --outfile=figure/obr21-eps-converted
-to.pdf figure/obr21.eps>
(epstopdf)             \includegraphics on input line 118.
runsystem(repstopdf --outfile=figure/obr21-eps-converted-to.pdf figure/obr21.ep
s)...executed safely (allowed).

Package epstopdf Info: Result file: <figure/obr21-eps-converted-to.pdf>
(epstopdf)                    date: 2013-11-06 21:04:38
(epstopdf)                    size: 19883 bytes.

<figure/obr21-eps-converted-to.pdf, id=21, 469.755pt x 112.42pt>
File: figure/obr21-eps-converted-to.pdf Graphic file (type pdf)

<use figure/obr21-eps-converted-to.pdf>
Package pdftex.def Info: figure/obr21-eps-converted-to.pdf used on input line 1
18.
(pdftex.def)             Requested size: 95.11052pt x 22.76228pt.
 [1

{/var/lib/texmf/fonts/map/pdftex/updmap/pdftex.map} <./figure/obr1-eps-converte
d-to.pdf> <./figure/obr2-eps-converted-to.pdf> <./figure/obr3-eps-converted-to.
pdf> <./figure/obr4-eps-converted-to.pdf> <./figure/obr5-eps-converted-to.pdf> 
<./figure/obr6-eps-converted-to.pdf> <./figure/obr7-eps-converted-to.pdf> <./fi
gure/obr8-eps-converted-to.pdf> <./figure/obr9-eps-converted-to.pdf> <./figure/
obr10-eps-converted-to.pdf> <./figure/obr11-eps-converted-to.pdf> <./figure/obr
12-eps-converted-to.pdf> <./figure/obr13-eps-converted-to.pdf> <./figure/obr14-
eps-converted-to.pdf> <./figure/obr15-eps-converted-to.pdf> <./figure/obr16-eps
-converted-to.pdf> <./figure/obr17-eps-converted-to.pdf> <./figure/obr18-eps-co
nverted-to.pdf> <./figure/obr19-eps-converted-to.pdf> <./figure/obr20-eps-conve
rted-to.pdf> <./figure/obr21-eps-converted-to.pdf>]
./graphs.tex:129: Undefined control sequence.
<recently read> \multirow 
                          
l.129 \multirow
               {2}{*}{\includegraphics[width=3.5cm]{figure/prop1.eps}} &  $=...

? 
Package epstopdf Info: Source file: <figure/prop1.eps>
(epstopdf)                    date: 2013-05-31 12:42:24
(epstopdf)                    size: 5865 bytes
(epstopdf)             Output file: <figure/prop1-eps-converted-to.pdf>
(epstopdf)             Command: <repstopdf --outfile=figure/prop1-eps-converted
-to.pdf figure/prop1.eps>
(epstopdf)             \includegraphics on input line 129.
runsystem(repstopdf --outfile=figure/prop1-eps-converted-to.pdf figure/prop1.ep
s)...executed safely (allowed).

Package epstopdf Info: Result file: <figure/prop1-eps-converted-to.pdf>
(epstopdf)                    date: 2013-11-06 21:04:38
(epstopdf)                    size: 3671 bytes.
<figure/prop1-eps-converted-to.pdf, id=77, 277.035pt x 77.28876pt>
File: figure/prop1-eps-converted-to.pdf Graphic file (type pdf)

<use figure/prop1-eps-converted-to.pdf>
Package pdftex.def Info: figure/prop1-eps-converted-to.pdf used on input line 1
29.
(pdftex.def)             Requested size: 99.58464pt x 27.78264pt.

./graphs.tex:131: Undefined control sequence.
<recently read> \multirow 
                          
l.131 \multirow
               {2}{*}{\includegraphics[width=3.5cm]{figure/prop2.eps}} &  $=...

? 
Package epstopdf Info: Source file: <figure/prop2.eps>
(epstopdf)                    date: 2013-05-31 16:01:58
(epstopdf)                    size: 5843 bytes
(epstopdf)             Output file: <figure/prop2-eps-converted-to.pdf>
(epstopdf)             Command: <repstopdf --outfile=figure/prop2-eps-converted
-to.pdf figure/prop2.eps>
(epstopdf)             \includegraphics on input line 131.
runsystem(repstopdf --outfile=figure/prop2-eps-converted-to.pdf figure/prop2.ep
s)...executed safely (allowed).

Package epstopdf Info: Result file: <figure/prop2-eps-converted-to.pdf>
(epstopdf)                    date: 2013-11-06 21:05:37
(epstopdf)                    size: 3670 bytes.
<figure/prop2-eps-converted-to.pdf, id=78, 260.975pt x 78.2925pt>
File: figure/prop2-eps-converted-to.pdf Graphic file (type pdf)

<use figure/prop2-eps-converted-to.pdf>
Package pdftex.def Info: figure/prop2-eps-converted-to.pdf used on input line 1
31.
(pdftex.def)             Requested size: 99.58464pt x 29.87569pt.

./graphs.tex:133: Undefined control sequence.
<recently read> \multirow 
                          
l.133 \multirow
               {2}{*}{\includegraphics[width=3.5cm]{figure/prop3.eps}} & $=\...

? 
Package epstopdf Info: Source file: <figure/prop3.eps>
(epstopdf)                    date: 2013-05-31 15:36:56
(epstopdf)                    size: 14423 bytes
(epstopdf)             Output file: <figure/prop3-eps-converted-to.pdf>
(epstopdf)             Command: <repstopdf --outfile=figure/prop3-eps-converted
-to.pdf figure/prop3.eps>
(epstopdf)             \includegraphics on input line 133.
runsystem(repstopdf --outfile=figure/prop3-eps-converted-to.pdf figure/prop3.ep
s)...executed safely (allowed).

Package epstopdf Info: Result file: <figure/prop3-eps-converted-to.pdf>
(epstopdf)                    date: 2013-11-06 21:05:38
(epstopdf)                    size: 6290 bytes.
<figure/prop3-eps-converted-to.pdf, id=79, 236.885pt x 72.27pt>
File: figure/prop3-eps-converted-to.pdf Graphic file (type pdf)

<use figure/prop3-eps-converted-to.pdf>
Package pdftex.def Info: figure/prop3-eps-converted-to.pdf used on input line 1
33.
(pdftex.def)             Requested size: 99.58464pt x 30.38185pt.

./graphs.tex:138: Undefined control sequence.
<recently read> \multirow 
                          
l.138 \multirow
               {4}{*}{\includegraphics[width=2.5cm]{figure/vert1.eps}} & \\
? 
Package epstopdf Info: Source file: <figure/vert1.eps>
(epstopdf)                    date: 2013-05-31 15:15:22
(epstopdf)                    size: 8509 bytes
(epstopdf)             Output file: <figure/vert1-eps-converted-to.pdf>
(epstopdf)             Command: <repstopdf --outfile=figure/vert1-eps-converted
-to.pdf figure/vert1.eps>
(epstopdf)             \includegraphics on input line 138.
runsystem(repstopdf --outfile=figure/vert1-eps-converted-to.pdf figure/vert1.ep
s)...executed safely (allowed).

Package epstopdf Info: Result file: <figure/vert1-eps-converted-to.pdf>
(epstopdf)                    date: 2013-11-06 21:05:39
(epstopdf)                    size: 4524 bytes.
<figure/vert1-eps-converted-to.pdf, id=80, 229.85875pt x 198.7425pt>
File: figure/vert1-eps-converted-to.pdf Graphic file (type pdf)

<use figure/vert1-eps-converted-to.pdf>
Package pdftex.def Info: figure/vert1-eps-converted-to.pdf used on input line 1
38.
(pdftex.def)             Requested size: 71.13188pt x 61.50339pt.

./graphs.tex:139: Undefined control sequence.
l.139 & \multirow
                 {2}{*}{$= - D \lambda$}\\
? 
./graphs.tex:142: Undefined control sequence.
l.142 \multirow
               {4}{*}{\includegraphics[width=2.5cm]{figure/vert2.eps}} & \\
? 
Package epstopdf Info: Source file: <figure/vert2.eps>
(epstopdf)                    date: 2013-05-31 15:14:54
(epstopdf)                    size: 8959 bytes
(epstopdf)             Output file: <figure/vert2-eps-converted-to.pdf>
(epstopdf)             Command: <repstopdf --outfile=figure/vert2-eps-converted
-to.pdf figure/vert2.eps>
(epstopdf)             \includegraphics on input line 142.
runsystem(repstopdf --outfile=figure/vert2-eps-converted-to.pdf figure/vert2.ep
s)...executed safely (allowed).

Package epstopdf Info: Result file: <figure/vert2-eps-converted-to.pdf>
(epstopdf)                    date: 2013-11-06 21:05:40
(epstopdf)                    size: 4644 bytes.
<figure/vert2-eps-converted-to.pdf, id=81, 229.85875pt x 198.7425pt>
File: figure/vert2-eps-converted-to.pdf Graphic file (type pdf)

<use figure/vert2-eps-converted-to.pdf>
Package pdftex.def Info: figure/vert2-eps-converted-to.pdf used on input line 1
42.
(pdftex.def)             Requested size: 71.13188pt x 61.50339pt.

./graphs.tex:143: Undefined control sequence.
l.143 & \multirow
                 {2}{*}{$=D \lambda$}\\
? 
./graphs.tex:146: Undefined control sequence.
l.146 \multirow
               {4}{*}{\includegraphics[width=2.5cm]{figure/vert3.eps}} & \\
? 
Package epstopdf Info: Source file: <figure/vert3.eps>
(epstopdf)                    date: 2013-07-10 14:33:40
(epstopdf)                    size: 13998 bytes
(epstopdf)             Output file: <figure/vert3-eps-converted-to.pdf>
(epstopdf)             Command: <repstopdf --outfile=figure/vert3-eps-converted
-to.pdf figure/vert3.eps>
(epstopdf)             \includegraphics on input line 146.
runsystem(repstopdf --outfile=figure/vert3-eps-converted-to.pdf figure/vert3.ep
s)...executed safely (allowed).

Package epstopdf Info: Result file: <figure/vert3-eps-converted-to.pdf>
(epstopdf)                    date: 2013-11-06 21:05:41
(epstopdf)                    size: 6988 bytes.
<figure/vert3-eps-converted-to.pdf, id=82, 229.85875pt x 194.7275pt>
File: figure/vert3-eps-converted-to.pdf Graphic file (type pdf)

<use figure/vert3-eps-converted-to.pdf>
Package pdftex.def Info: figure/vert3-eps-converted-to.pdf used on input line 1
46.
(pdftex.def)             Requested size: 71.13188pt x 60.2609pt.

./graphs.tex:147: Undefined control sequence.
l.147 & \multirow
                 {2}{*}{$=-i p_j -iaq_j$}\\
? 
./graphs.tex:150: Undefined control sequence.
l.150 \multirow
               {4}{*}{\includegraphics[width=2.5cm]{figure/vert4.eps}} &  \\
? 
Package epstopdf Info: Source file: <figure/vert4.eps>
(epstopdf)                    date: 2013-05-31 15:24:24
(epstopdf)                    size: 25364 bytes
(epstopdf)             Output file: <figure/vert4-eps-converted-to.pdf>
(epstopdf)             Command: <repstopdf --outfile=figure/vert4-eps-converted
-to.pdf figure/vert4.eps>
(epstopdf)             \includegraphics on input line 150.
runsystem(repstopdf --outfile=figure/vert4-eps-converted-to.pdf figure/vert4.ep
s)...executed safely (allowed).

Package epstopdf Info: Result file: <figure/vert4-eps-converted-to.pdf>
(epstopdf)                    date: 2013-11-06 21:05:42
(epstopdf)                    size: 11441 bytes.
<figure/vert4-eps-converted-to.pdf, id=83, 214.8025pt x 200.75pt>
File: figure/vert4-eps-converted-to.pdf Graphic file (type pdf)

<use figure/vert4-eps-converted-to.pdf>
Package pdftex.def Info: figure/vert4-eps-converted-to.pdf used on input line 1
50.
(pdftex.def)             Requested size: 71.13188pt x 66.47743pt.

./graphs.tex:151: Undefined control sequence.
l.151 & \multirow
                 {2}{*}{$= \frac{u_2}{D} \delta_{ij} $}\\
? 

LaTeX Warning: Float too large for page by 73.80737pt on input line 155.

LaTeX Font Info:    Try loading font information for OMS+cmr on input line 160.

(/usr/share/texmf-dist/tex/latex/base/omscmr.fd
File: omscmr.fd 1999/05/25 v2.5h Standard LaTeX font definitions
)
LaTeX Font Info:    Font shape `OMS/cmr/m/n' in size <12> not available
(Font)              Font shape `OMS/cmsy/m/n' tried instead on input line 160.
 [2]
Package epstopdf Info: Source file: <figure/obr1.eps>
(epstopdf)                    date: 2013-05-27 11:38:16
(epstopdf)                    size: 26028 bytes
(epstopdf)             Output file: <figure/obr1-eps-converted-to.pdf>
(epstopdf)                    date: 2013-11-06 21:04:31
(epstopdf)                    size: 12156 bytes
(epstopdf)             Command: <repstopdf --outfile=figure/obr1-eps-converted-
to.pdf figure/obr1.eps>
(epstopdf)             \includegraphics on input line 184.
Package epstopdf Info: Output file is already uptodate.
File: figure/obr1-eps-converted-to.pdf Graphic file (type pdf)

<use figure/obr1-eps-converted-to.pdf>
Package pdftex.def Info: figure/obr1-eps-converted-to.pdf used on input line 18
4.
(pdftex.def)             Requested size: 178.75946pt x 42.78008pt.

Overfull \hbox (14.96642pt too wide) in alignment at lines 187--192
 [][][] []
 []


Overfull \hbox (17.6248pt too wide) in paragraph at lines 183--196
[]$[]$$[]$ 
 []

Package epstopdf Info: Source file: <figure/obr2.eps>
(epstopdf)                    date: 2013-05-27 11:40:10
(epstopdf)                    size: 5015 bytes
(epstopdf)             Output file: <figure/obr2-eps-converted-to.pdf>
(epstopdf)                    date: 2013-11-06 21:04:31
(epstopdf)                    size: 3243 bytes
(epstopdf)             Command: <repstopdf --outfile=figure/obr2-eps-converted-
to.pdf figure/obr2.eps>
(epstopdf)             \includegraphics on input line 207.
Package epstopdf Info: Output file is already uptodate.
File: figure/obr2-eps-converted-to.pdf Graphic file (type pdf)
<use figure/obr2-eps-converted-to.pdf>
Package pdftex.def Info: figure/obr2-eps-converted-to.pdf used on input line 20
7.
(pdftex.def)             Requested size: 178.75946pt x 40.87024pt.

Overfull \hbox (17.6248pt too wide) in paragraph at lines 207--208
[]$[]$$[]$
 []


Underfull \hbox (badness 10000) in paragraph at lines 207--208

 []

Package epstopdf Info: Source file: <figure/obr3.eps>
(epstopdf)                    date: 2013-05-27 11:44:16
(epstopdf)                    size: 24038 bytes
(epstopdf)             Output file: <figure/obr3-eps-converted-to.pdf>
(epstopdf)                    date: 2013-11-06 21:04:32
(epstopdf)                    size: 12260 bytes
(epstopdf)             Command: <repstopdf --outfile=figure/obr3-eps-converted-
to.pdf figure/obr3.eps>
(epstopdf)             \includegraphics on input line 218.
Package epstopdf Info: Output file is already uptodate.
File: figure/obr3-eps-converted-to.pdf Graphic file (type pdf)
<use figure/obr3-eps-converted-to.pdf>
Package pdftex.def Info: figure/obr3-eps-converted-to.pdf used on input line 21
8.
(pdftex.def)             Requested size: 178.75946pt x 78.30281pt.

Overfull \hbox (17.6248pt too wide) in paragraph at lines 218--219
[]$[]$$[]$
 []


Underfull \hbox (badness 10000) in paragraph at lines 218--219

 []

[3]
Package epstopdf Info: Source file: <figure/obr4.eps>
(epstopdf)                    date: 2013-05-27 12:02:56
(epstopdf)                    size: 13838 bytes
(epstopdf)             Output file: <figure/obr4-eps-converted-to.pdf>
(epstopdf)                    date: 2013-11-06 21:04:32
(epstopdf)                    size: 6140 bytes
(epstopdf)             Command: <repstopdf --outfile=figure/obr4-eps-converted-
to.pdf figure/obr4.eps>
(epstopdf)             \includegraphics on input line 224.
Package epstopdf Info: Output file is already uptodate.
File: figure/obr4-eps-converted-to.pdf Graphic file (type pdf)
 <use figure/obr4-eps-converted-to.pdf>
Package pdftex.def Info: figure/obr4-eps-converted-to.pdf used on input line 22
4.
(pdftex.def)             Requested size: 178.75946pt x 63.78815pt.

Overfull \hbox (17.6248pt too wide) in paragraph at lines 224--225
[]$[]$$[]$
 []


Underfull \hbox (badness 10000) in paragraph at lines 224--225

 []

Package epstopdf Info: Source file: <figure/obr5.eps>
(epstopdf)                    date: 2013-05-27 12:06:34
(epstopdf)                    size: 21575 bytes
(epstopdf)             Output file: <figure/obr5-eps-converted-to.pdf>
(epstopdf)                    date: 2013-11-06 21:04:32
(epstopdf)                    size: 9638 bytes
(epstopdf)             Command: <repstopdf --outfile=figure/obr5-eps-converted-
to.pdf figure/obr5.eps>
(epstopdf)             \includegraphics on input line 234.
Package epstopdf Info: Output file is already uptodate.
File: figure/obr5-eps-converted-to.pdf Graphic file (type pdf)
<use figure/obr5-eps-converted-to.pdf>
Package pdftex.def Info: figure/obr5-eps-converted-to.pdf used on input line 23
4.
(pdftex.def)             Requested size: 178.75946pt x 63.78815pt.

Overfull \hbox (14.99669pt too wide) detected at line 234
\OT1/cmr/m/n/12 = [][] []
 []


Overfull \hbox (17.6248pt too wide) in paragraph at lines 234--235
[]$[]$$[]$
 []


Underfull \hbox (badness 10000) in paragraph at lines 234--235

 []

Package epstopdf Info: Source file: <figure/obr6.eps>
(epstopdf)                    date: 2013-05-27 12:30:32
(epstopdf)                    size: 34334 bytes
(epstopdf)             Output file: <figure/obr6-eps-converted-to.pdf>
(epstopdf)                    date: 2013-11-06 21:04:33
(epstopdf)                    size: 16027 bytes
(epstopdf)             Command: <repstopdf --outfile=figure/obr6-eps-converted-
to.pdf figure/obr6.eps>
(epstopdf)             \includegraphics on input line 244.
Package epstopdf Info: Output file is already uptodate.
File: figure/obr6-eps-converted-to.pdf Graphic file (type pdf)
<use figure/obr6-eps-converted-to.pdf>
Package pdftex.def Info: figure/obr6-eps-converted-to.pdf used on input line 24
4.
(pdftex.def)             Requested size: 178.75946pt x 42.78008pt.

Overfull \hbox (17.6248pt too wide) in paragraph at lines 244--245
[]$[]$$[]$
 []


Underfull \hbox (badness 10000) in paragraph at lines 244--245

 []

[4]
Package epstopdf Info: Source file: <figure/obr7.eps>
(epstopdf)                    date: 2013-05-27 12:29:54
(epstopdf)                    size: 34648 bytes
(epstopdf)             Output file: <figure/obr7-eps-converted-to.pdf>
(epstopdf)                    date: 2013-11-06 21:04:33
(epstopdf)                    size: 16027 bytes
(epstopdf)             Command: <repstopdf --outfile=figure/obr7-eps-converted-
to.pdf figure/obr7.eps>
(epstopdf)             \includegraphics on input line 254.
Package epstopdf Info: Output file is already uptodate.
File: figure/obr7-eps-converted-to.pdf Graphic file (type pdf)
 <use figure/obr7-eps-converted-to.pdf>
Package pdftex.def Info: figure/obr7-eps-converted-to.pdf used on input line 25
4.
(pdftex.def)             Requested size: 178.75946pt x 42.78008pt.

Overfull \hbox (17.6248pt too wide) in paragraph at lines 254--255
[]$[]$$[]$
 []


Underfull \hbox (badness 10000) in paragraph at lines 254--255

 []

Package epstopdf Info: Source file: <figure/obr8.eps>
(epstopdf)                    date: 2013-05-27 12:19:34
(epstopdf)                    size: 6948 bytes
(epstopdf)             Output file: <figure/obr8-eps-converted-to.pdf>
(epstopdf)                    date: 2013-11-06 21:04:33
(epstopdf)                    size: 3832 bytes
(epstopdf)             Command: <repstopdf --outfile=figure/obr8-eps-converted-
to.pdf figure/obr8.eps>
(epstopdf)             \includegraphics on input line 264.
Package epstopdf Info: Output file is already uptodate.
File: figure/obr8-eps-converted-to.pdf Graphic file (type pdf)
<use figure/obr8-eps-converted-to.pdf>
Package pdftex.def Info: figure/obr8-eps-converted-to.pdf used on input line 26
4.
(pdftex.def)             Requested size: 178.75946pt x 67.98976pt.

Overfull \hbox (17.6248pt too wide) in paragraph at lines 264--265
[]$[]$$[]$
 []


Underfull \hbox (badness 10000) in paragraph at lines 264--265

 []

Package epstopdf Info: Source file: <figure/obr9.eps>
(epstopdf)                    date: 2013-05-27 12:22:58
(epstopdf)                    size: 14711 bytes
(epstopdf)             Output file: <figure/obr9-eps-converted-to.pdf>
(epstopdf)                    date: 2013-11-06 21:04:34
(epstopdf)                    size: 7332 bytes
(epstopdf)             Command: <repstopdf --outfile=figure/obr9-eps-converted-
to.pdf figure/obr9.eps>
(epstopdf)             \includegraphics on input line 273.
Package epstopdf Info: Output file is already uptodate.
File: figure/obr9-eps-converted-to.pdf Graphic file (type pdf)
<use figure/obr9-eps-converted-to.pdf>
Package pdftex.def Info: figure/obr9-eps-converted-to.pdf used on input line 27
3.
(pdftex.def)             Requested size: 178.75946pt x 70.28156pt.

Overfull \hbox (17.6248pt too wide) in paragraph at lines 273--274
[]$[]$$[]$
 []


Underfull \hbox (badness 10000) in paragraph at lines 273--274

 []

[5]
Package epstopdf Info: Source file: <figure/obr10.eps>
(epstopdf)                    date: 2013-05-27 12:26:38
(epstopdf)                    size: 18527 bytes
(epstopdf)             Output file: <figure/obr10-eps-converted-to.pdf>
(epstopdf)                    date: 2013-11-06 21:04:34
(epstopdf)                    size: 9161 bytes
(epstopdf)             Command: <repstopdf --outfile=figure/obr10-eps-converted
-to.pdf figure/obr10.eps>
(epstopdf)             \includegraphics on input line 283.
Package epstopdf Info: Output file is already uptodate.
File: figure/obr10-eps-converted-to.pdf Graphic file (type pdf)
 <use figure/obr10-eps-converted-to.pdf>
Package pdftex.def Info: figure/obr10-eps-converted-to.pdf used on input line 2
83.
(pdftex.def)             Requested size: 178.75946pt x 67.98976pt.

Overfull \hbox (17.6248pt too wide) in paragraph at lines 283--284
[]$[]$$[]$
 []


Underfull \hbox (badness 10000) in paragraph at lines 283--284

 []

Package epstopdf Info: Source file: <figure/obr11.eps>
(epstopdf)                    date: 2013-05-27 12:20:32
(epstopdf)                    size: 6791 bytes
(epstopdf)             Output file: <figure/obr11-eps-converted-to.pdf>
(epstopdf)                    date: 2013-11-06 21:04:34
(epstopdf)                    size: 3781 bytes
(epstopdf)             Command: <repstopdf --outfile=figure/obr11-eps-converted
-to.pdf figure/obr11.eps>
(epstopdf)             \includegraphics on input line 292.
Package epstopdf Info: Output file is already uptodate.
File: figure/obr11-eps-converted-to.pdf Graphic file (type pdf)
<use figure/obr11-eps-converted-to.pdf>
Package pdftex.def Info: figure/obr11-eps-converted-to.pdf used on input line 2
92.
(pdftex.def)             Requested size: 178.75946pt x 67.98976pt.

Overfull \hbox (17.6248pt too wide) in paragraph at lines 292--293
[]$[]$$[]$
 []


Underfull \hbox (badness 10000) in paragraph at lines 292--293

 []

Package epstopdf Info: Source file: <figure/obr12.eps>
(epstopdf)                    date: 2013-05-27 12:53:06
(epstopdf)                    size: 14554 bytes
(epstopdf)             Output file: <figure/obr12-eps-converted-to.pdf>
(epstopdf)                    date: 2013-11-06 21:04:35
(epstopdf)                    size: 7265 bytes
(epstopdf)             Command: <repstopdf --outfile=figure/obr12-eps-converted
-to.pdf figure/obr12.eps>
(epstopdf)             \includegraphics on input line 301.
Package epstopdf Info: Output file is already uptodate.
File: figure/obr12-eps-converted-to.pdf Graphic file (type pdf)
<use figure/obr12-eps-converted-to.pdf>
Package pdftex.def Info: figure/obr12-eps-converted-to.pdf used on input line 3
01.
(pdftex.def)             Requested size: 178.75946pt x 69.13567pt.

Overfull \hbox (17.6248pt too wide) in paragraph at lines 301--302
[]$[]$$[]$
 []


Underfull \hbox (badness 10000) in paragraph at lines 301--302

 []

[6]
Package epstopdf Info: Source file: <figure/obr13.eps>
(epstopdf)                    date: 2013-05-27 12:28:02
(epstopdf)                    size: 18370 bytes
(epstopdf)             Output file: <figure/obr13-eps-converted-to.pdf>
(epstopdf)                    date: 2013-11-06 21:04:35
(epstopdf)                    size: 9107 bytes
(epstopdf)             Command: <repstopdf --outfile=figure/obr13-eps-converted
-to.pdf figure/obr13.eps>
(epstopdf)             \includegraphics on input line 312.
Package epstopdf Info: Output file is already uptodate.
File: figure/obr13-eps-converted-to.pdf Graphic file (type pdf)
 <use figure/obr13-eps-converted-to.pdf>
Package pdftex.def Info: figure/obr13-eps-converted-to.pdf used on input line 3
12.
(pdftex.def)             Requested size: 178.75946pt x 67.98976pt.

Overfull \hbox (17.6248pt too wide) in paragraph at lines 312--313
[]$[]$$[]$
 []


Underfull \hbox (badness 10000) in paragraph at lines 312--313

 []

Package epstopdf Info: Source file: <figure/obr14.eps>
(epstopdf)                    date: 2013-05-27 12:40:44
(epstopdf)                    size: 18784 bytes
(epstopdf)             Output file: <figure/obr14-eps-converted-to.pdf>
(epstopdf)                    date: 2013-11-06 21:04:35
(epstopdf)                    size: 7550 bytes
(epstopdf)             Command: <repstopdf --outfile=figure/obr14-eps-converted
-to.pdf figure/obr14.eps>
(epstopdf)             \includegraphics on input line 322.
Package epstopdf Info: Output file is already uptodate.
File: figure/obr14-eps-converted-to.pdf Graphic file (type pdf)
<use figure/obr14-eps-converted-to.pdf>
Package pdftex.def Info: figure/obr14-eps-converted-to.pdf used on input line 3
22.
(pdftex.def)             Requested size: 178.75946pt x 81.74051pt.

Overfull \hbox (17.6248pt too wide) in paragraph at lines 322--323
[]$[]$$[]$
 []


Underfull \hbox (badness 10000) in paragraph at lines 322--323

 []

Package epstopdf Info: Source file: <figure/obr15.eps>
(epstopdf)                    date: 2013-05-27 12:43:24
(epstopdf)                    size: 25415 bytes
(epstopdf)             Output file: <figure/obr15-eps-converted-to.pdf>
(epstopdf)                    date: 2013-11-06 21:04:36
(epstopdf)                    size: 10731 bytes
(epstopdf)             Command: <repstopdf --outfile=figure/obr15-eps-converted
-to.pdf figure/obr15.eps>
(epstopdf)             \includegraphics on input line 331.
Package epstopdf Info: Output file is already uptodate.
File: figure/obr15-eps-converted-to.pdf Graphic file (type pdf)
<use figure/obr15-eps-converted-to.pdf>
Package pdftex.def Info: figure/obr15-eps-converted-to.pdf used on input line 3
31.
(pdftex.def)             Requested size: 178.75946pt x 81.74051pt.

Overfull \hbox (17.6248pt too wide) in paragraph at lines 331--332
[]$[]$$[]$
 []


Underfull \hbox (badness 10000) in paragraph at lines 331--332

 []

[7]
Package epstopdf Info: Source file: <figure/obr16.eps>
(epstopdf)                    date: 2013-05-27 12:45:00
(epstopdf)                    size: 18623 bytes
(epstopdf)             Output file: <figure/obr16-eps-converted-to.pdf>
(epstopdf)                    date: 2013-11-06 21:04:36
(epstopdf)                    size: 8048 bytes
(epstopdf)             Command: <repstopdf --outfile=figure/obr16-eps-converted
-to.pdf figure/obr16.eps>
(epstopdf)             \includegraphics on input line 341.
Package epstopdf Info: Output file is already uptodate.
File: figure/obr16-eps-converted-to.pdf Graphic file (type pdf)
 <use figure/obr16-eps-converted-to.pdf>
Package pdftex.def Info: figure/obr16-eps-converted-to.pdf used on input line 3
41.
(pdftex.def)             Requested size: 178.75946pt x 81.74051pt.

Overfull \hbox (17.6248pt too wide) in paragraph at lines 341--342
[]$[]$$[]$
 []


Underfull \hbox (badness 10000) in paragraph at lines 341--342

 []

Package epstopdf Info: Source file: <figure/obr17.eps>
(epstopdf)                    date: 2013-05-27 12:11:06
(epstopdf)                    size: 22183 bytes
(epstopdf)             Output file: <figure/obr17-eps-converted-to.pdf>
(epstopdf)                    date: 2013-11-06 21:04:36
(epstopdf)                    size: 10949 bytes
(epstopdf)             Command: <repstopdf --outfile=figure/obr17-eps-converted
-to.pdf figure/obr17.eps>
(epstopdf)             \includegraphics on input line 350.
Package epstopdf Info: Output file is already uptodate.
File: figure/obr17-eps-converted-to.pdf Graphic file (type pdf)
<use figure/obr17-eps-converted-to.pdf>
Package pdftex.def Info: figure/obr17-eps-converted-to.pdf used on input line 3
50.
(pdftex.def)             Requested size: 178.75946pt x 64.55208pt.

Overfull \hbox (17.6248pt too wide) in paragraph at lines 350--351
[]$[]$$[]$
 []


Underfull \hbox (badness 10000) in paragraph at lines 350--351

 []


./graphs.tex:357: LaTeX Error: Too many unprocessed floats.

See the LaTeX manual or LaTeX Companion for explanation.
Type  H <return>  for immediate help.
 ...                                              
                                                  
l.357 ...\mathbf v}^2}{\frac{u_2}{D}\delta{ij}}{1}
                                                  
? 
./graphs.tex:357: Undefined control sequence.
\caption@ORI@xfloat ... \global \setbox \@currbox 
                                                  \color@vbox \normalcolor \...
l.357 ...\mathbf v}^2}{\frac{u_2}{D}\delta{ij}}{1}
                                                  
? 
./graphs.tex:357: Missing number, treated as zero.
<to be read again> 
                   \color@vbox 
l.357 ...\mathbf v}^2}{\frac{u_2}{D}\delta{ij}}{1}
                                                  
? 
./graphs.tex:357: Undefined control sequence.
\@largefloatcheck ->\ifdim \ht \@currbox 
                                         >\textheight \@tempdima -\textheigh...
l.357 ...\mathbf v}^2}{\frac{u_2}{D}\delta{ij}}{1}
                                                  
? 
./graphs.tex:357: Missing number, treated as zero.
<to be read again> 
                   >
l.357 ...\mathbf v}^2}{\frac{u_2}{D}\delta{ij}}{1}
                                                  
? 
./graphs.tex:357: Undefined control sequence.
<argument> \@currbox 
                     
l.357 ...\mathbf v}^2}{\frac{u_2}{D}\delta{ij}}{1}
                                                  
? 
./graphs.tex:357: Argument of \@xnext has an extra }.
<inserted text> 
                \par 
l.357 ...\mathbf v}^2}{\frac{u_2}{D}\delta{ij}}{1}
                                                  
? 
Runaway argument?
\@currbox \@currlist \ifnum \count \@currbox >\z@ \advance \@pageht \@pagedp \E
TC.
./graphs.tex:357: Paragraph ended before \@xnext was complete.
<to be read again> 
                   \par 
l.357 ...\mathbf v}^2}{\frac{u_2}{D}\delta{ij}}{1}
                                                  
? 
./graphs.tex:357: Extra \else.
\end@float ...pdima \penalty \@floatpenalty \else 
                                                  \vadjust {\penalty -\@Miv ...
l.357 ...\mathbf v}^2}{\frac{u_2}{D}\delta{ij}}{1}
                                                  
? 
./graphs.tex:357: You can't use `\vadjust' in vertical mode.
\end@float ...nalty \@floatpenalty \else \vadjust 
                                                  {\penalty -\@Miv \vbox {}\...
l.357 ...\mathbf v}^2}{\frac{u_2}{D}\delta{ij}}{1}
                                                  
? 
./graphs.tex:357: Argument of \@xnext has an extra }.
<inserted text> 
                \par 
l.357 ...\mathbf v}^2}{\frac{u_2}{D}\delta{ij}}{1}
                                                  
? 
Runaway argument?
\@currbox \@currlist \ifnum \count \@currbox >\z@ \advance \@pageht \@pagedp \E
TC.
./graphs.tex:357: Paragraph ended before \@xnext was complete.
<to be read again> 
                   \par 
l.357 ...\mathbf v}^2}{\frac{u_2}{D}\delta{ij}}{1}
                                                  
? 
Package epstopdf Info: Source file: <figure/obr18.eps>
(epstopdf)                    date: 2013-05-27 12:08:36
(epstopdf)                    size: 30674 bytes
(epstopdf)             Output file: <figure/obr18-eps-converted-to.pdf>
(epstopdf)                    date: 2013-11-06 21:04:37
(epstopdf)                    size: 14779 bytes
(epstopdf)             Command: <repstopdf --outfile=figure/obr18-eps-converted
-to.pdf figure/obr18.eps>
(epstopdf)             \includegraphics on input line 359.
Package epstopdf Info: Output file is already uptodate.
File: figure/obr18-eps-converted-to.pdf Graphic file (type pdf)
<use figure/obr18-eps-converted-to.pdf>
Package pdftex.def Info: figure/obr18-eps-converted-to.pdf used on input line 3
59.
(pdftex.def)             Requested size: 178.75946pt x 64.17012pt.

Overfull \hbox (17.6248pt too wide) in paragraph at lines 359--360
[]$[]$$[]$
 []


Underfull \hbox (badness 10000) in paragraph at lines 359--360

 []

[8]

./graphs.tex:367: LaTeX Error: Too many unprocessed floats.

See the LaTeX manual or LaTeX Companion for explanation.
Type  H <return>  for immediate help.
 ...                                              
                                                  
l.367 ...mathbf v}^2}{\frac{u_2}{D}\delta_{ij}}{1}
                                                  
? 
./graphs.tex:367: Undefined control sequence.
\caption@ORI@xfloat ... \global \setbox \@currbox 
                                                  \color@vbox \normalcolor \...
l.367 ...mathbf v}^2}{\frac{u_2}{D}\delta_{ij}}{1}
                                                  
? 
./graphs.tex:367: Missing number, treated as zero.
<to be read again> 
                   \color@vbox 
l.367 ...mathbf v}^2}{\frac{u_2}{D}\delta_{ij}}{1}
                                                  
? 
./graphs.tex:367: Undefined control sequence.
\@largefloatcheck ->\ifdim \ht \@currbox 
                                         >\textheight \@tempdima -\textheigh...
l.367 ...mathbf v}^2}{\frac{u_2}{D}\delta_{ij}}{1}
                                                  
? 
./graphs.tex:367: Missing number, treated as zero.
<to be read again> 
                   >
l.367 ...mathbf v}^2}{\frac{u_2}{D}\delta_{ij}}{1}
                                                  
? 
./graphs.tex:367: Undefined control sequence.
<argument> \@currbox 
                     
l.367 ...mathbf v}^2}{\frac{u_2}{D}\delta_{ij}}{1}
                                                  
? 
./graphs.tex:367: Missing number, treated as zero.
<to be read again> 
                   \@elt 
l.367 ...mathbf v}^2}{\frac{u_2}{D}\delta_{ij}}{1}
                                                  
? 
./graphs.tex:367: Missing = inserted for \ifnum.
<to be read again> 
                   \@elt 
l.367 ...mathbf v}^2}{\frac{u_2}{D}\delta_{ij}}{1}
                                                  
? 
./graphs.tex:367: Missing number, treated as zero.
<to be read again> 
                   \@elt 
l.367 ...mathbf v}^2}{\frac{u_2}{D}\delta_{ij}}{1}
                                                  
? 

./graphs.tex:367: LaTeX Error: This may be a LaTeX bug.

See the LaTeX manual or LaTeX Companion for explanation.
Type  H <return>  for immediate help.
 ...                                              
                                                  
l.367 ...mathbf v}^2}{\frac{u_2}{D}\delta_{ij}}{1}
                                                  
? 
./graphs.tex:367: Undefined control sequence.
\@addmarginpar ...advance \@tempdima \ht \@marbox 
                                                  \ifdim \@tempdima >\z@ \@l...
l.367 ...mathbf v}^2}{\frac{u_2}{D}\delta_{ij}}{1}
                                                  
? 
./graphs.tex:367: Missing number, treated as zero.
<to be read again> 
                   \global 
l.367 ...mathbf v}^2}{\frac{u_2}{D}\delta_{ij}}{1}
                                                  
? 
./graphs.tex:367: Illegal unit of measure (pt inserted).
<to be read again> 
                   \global 
l.367 ...mathbf v}^2}{\frac{u_2}{D}\delta_{ij}}{1}
                                                  
? 
./graphs.tex:367: Undefined control sequence.
\@addmarginpar ...vance \@mparbottom \dp \@marbox 
                                                  \global \advance \@mparbot...
l.367 ...mathbf v}^2}{\frac{u_2}{D}\delta_{ij}}{1}
                                                  
? 
./graphs.tex:367: Missing number, treated as zero.
<to be read again> 
                   \global 
l.367 ...mathbf v}^2}{\frac{u_2}{D}\delta_{ij}}{1}
                                                  
? 
./graphs.tex:367: Undefined control sequence.
\@addmarginpar ...dvance \@tempdima -\ht \@marbox 
                                                  \global \setbox \@marbox \...
l.367 ...mathbf v}^2}{\frac{u_2}{D}\delta_{ij}}{1}
                                                  
? 
./graphs.tex:367: Missing number, treated as zero.
<to be read again> 
                   \global 
l.367 ...mathbf v}^2}{\frac{u_2}{D}\delta_{ij}}{1}
                                                  
? 
./graphs.tex:367: Undefined control sequence.
\@addmarginpar ...marbox \global \setbox \@marbox 
                                                  \vbox {\vskip \@tempdima \...
l.367 ...mathbf v}^2}{\frac{u_2}{D}\delta_{ij}}{1}
                                                  
? 
./graphs.tex:367: Missing number, treated as zero.
<to be read again> 
                   \vbox 
l.367 ...mathbf v}^2}{\frac{u_2}{D}\delta_{ij}}{1}
                                                  
? 
./graphs.tex:367: Undefined control sequence.
\@addmarginpar ...\vskip \@tempdima \box \@marbox 
                                                  }\global \ht \@marbox \z@ ...
l.367 ...mathbf v}^2}{\frac{u_2}{D}\delta_{ij}}{1}
                                                  
? 
./graphs.tex:367: Missing number, treated as zero.
<to be read again> 
                   }
l.367 ...mathbf v}^2}{\frac{u_2}{D}\delta_{ij}}{1}
                                                  
? 
./graphs.tex:367: Undefined control sequence.
\@addmarginpar ... \@marbox }\global \ht \@marbox 
                                                  \z@ \global \dp \@marbox \...
l.367 ...mathbf v}^2}{\frac{u_2}{D}\delta_{ij}}{1}
                                                  
? 
./graphs.tex:367: Missing number, treated as zero.
<to be read again> 
                   \global 
l.367 ...mathbf v}^2}{\frac{u_2}{D}\delta_{ij}}{1}
                                                  
? 
./graphs.tex:367: Illegal unit of measure (pt inserted).
<to be read again> 
                   \global 
l.367 ...mathbf v}^2}{\frac{u_2}{D}\delta_{ij}}{1}
                                                  
? 
./graphs.tex:367: Undefined control sequence.
\@addmarginpar ...marbox \z@ \global \dp \@marbox 
                                                  \z@ \kern -\@pagedp \noint...
l.367 ...mathbf v}^2}{\frac{u_2}{D}\delta_{ij}}{1}
                                                  
? 
./graphs.tex:367: Missing number, treated as zero.
<to be read again> 
                   \kern 
l.367 ...mathbf v}^2}{\frac{u_2}{D}\delta_{ij}}{1}
                                                  
? 
./graphs.tex:367: Illegal unit of measure (pt inserted).
<to be read again> 
                   \kern 
l.367 ...mathbf v}^2}{\frac{u_2}{D}\delta_{ij}}{1}
                                                  
? 
./graphs.tex:367: Undefined control sequence.
\@addmarginpar ...arginparwidth \fi \box \@marbox 
                                                  \hss }\nointerlineskip \hb...
l.367 ...mathbf v}^2}{\frac{u_2}{D}\delta_{ij}}{1}
                                                  
? 
./graphs.tex:367: Missing number, treated as zero.
<to be read again> 
                   \hss 
l.367 ...mathbf v}^2}{\frac{u_2}{D}\delta_{ij}}{1}
                                                  
? 
Package epstopdf Info: Source file: <figure/obr19.eps>
(epstopdf)                    date: 2013-05-27 12:52:32
(epstopdf)                    size: 31323 bytes
(epstopdf)             Output file: <figure/obr19-eps-converted-to.pdf>
(epstopdf)                    date: 2013-11-06 21:04:37
(epstopdf)                    size: 15307 bytes
(epstopdf)             Command: <repstopdf --outfile=figure/obr19-eps-converted
-to.pdf figure/obr19.eps>
(epstopdf)             \includegraphics on input line 369.
Package epstopdf Info: Output file is already uptodate.
File: figure/obr19-eps-converted-to.pdf Graphic file (type pdf)
<use figure/obr19-eps-converted-to.pdf>
Package pdftex.def Info: figure/obr19-eps-converted-to.pdf used on input line 3
69.
(pdftex.def)             Requested size: 178.75946pt x 64.55208pt.

Overfull \hbox (17.6248pt too wide) in paragraph at lines 369--370
[]$[]$$[]$
 []


Underfull \hbox (badness 10000) in paragraph at lines 369--370

 []


./graphs.tex:376: LaTeX Error: Too many unprocessed floats.

See the LaTeX manual or LaTeX Companion for explanation.
Type  H <return>  for immediate help.
 ...                                              
                                                  
l.376 ...mathbf v}^2}{\frac{u_2}{D}\delta_{ij}}{1}
                                                  
? 
./graphs.tex:376: Undefined control sequence.
\caption@ORI@xfloat ... \global \setbox \@currbox 
                                                  \color@vbox \normalcolor \...
l.376 ...mathbf v}^2}{\frac{u_2}{D}\delta_{ij}}{1}
                                                  
? 
./graphs.tex:376: Missing number, treated as zero.
<to be read again> 
                   \color@vbox 
l.376 ...mathbf v}^2}{\frac{u_2}{D}\delta_{ij}}{1}
                                                  
? 
./graphs.tex:376: Undefined control sequence.
\@largefloatcheck ->\ifdim \ht \@currbox 
                                         >\textheight \@tempdima -\textheigh...
l.376 ...mathbf v}^2}{\frac{u_2}{D}\delta_{ij}}{1}
                                                  
? 
./graphs.tex:376: Missing number, treated as zero.
<to be read again> 
                   >
l.376 ...mathbf v}^2}{\frac{u_2}{D}\delta_{ij}}{1}
                                                  
? 
./graphs.tex:376: Undefined control sequence.
<argument> \@currbox 
                     
l.376 ...mathbf v}^2}{\frac{u_2}{D}\delta_{ij}}{1}
                                                  
? 
./graphs.tex:376: Argument of \@xnext has an extra }.
<inserted text> 
                \par 
l.376 ...mathbf v}^2}{\frac{u_2}{D}\delta_{ij}}{1}
                                                  
? 
Runaway argument?
\@currbox \@currlist \ifnum \count \@currbox >\z@ \advance \@pageht \@pagedp \E
TC.
./graphs.tex:376: Paragraph ended before \@xnext was complete.
<to be read again> 
                   \par 
l.376 ...mathbf v}^2}{\frac{u_2}{D}\delta_{ij}}{1}
                                                  
? 
./graphs.tex:376: Extra \else.
\end@float ...pdima \penalty \@floatpenalty \else 
                                                  \vadjust {\penalty -\@Miv ...
l.376 ...mathbf v}^2}{\frac{u_2}{D}\delta_{ij}}{1}
                                                  
? 
./graphs.tex:376: You can't use `\vadjust' in vertical mode.
\end@float ...nalty \@floatpenalty \else \vadjust 
                                                  {\penalty -\@Miv \vbox {}\...
l.376 ...mathbf v}^2}{\frac{u_2}{D}\delta_{ij}}{1}
                                                  
? 
./graphs.tex:376: Argument of \@xnext has an extra }.
<inserted text> 
                \par 
l.376 ...mathbf v}^2}{\frac{u_2}{D}\delta_{ij}}{1}
                                                  
? 
Runaway argument?
\@currbox \@currlist \ifnum \count \@currbox >\z@ \advance \@pageht \@pagedp \E
TC.
./graphs.tex:376: Paragraph ended before \@xnext was complete.
<to be read again> 
                   \par 
l.376 ...mathbf v}^2}{\frac{u_2}{D}\delta_{ij}}{1}
                                                  
? 
Package epstopdf Info: Source file: <figure/obr20.eps>
(epstopdf)                    date: 2013-05-27 12:49:08
(epstopdf)                    size: 31247 bytes
(epstopdf)             Output file: <figure/obr20-eps-converted-to.pdf>
(epstopdf)                    date: 2013-11-06 21:04:37
(epstopdf)                    size: 15198 bytes
(epstopdf)             Command: <repstopdf --outfile=figure/obr20-eps-converted
-to.pdf figure/obr20.eps>
(epstopdf)             \includegraphics on input line 378.
Package epstopdf Info: Output file is already uptodate.
File: figure/obr20-eps-converted-to.pdf Graphic file (type pdf)
<use figure/obr20-eps-converted-to.pdf>
Package pdftex.def Info: figure/obr20-eps-converted-to.pdf used on input line 3
78.
(pdftex.def)             Requested size: 178.75946pt x 64.55208pt.

Overfull \hbox (17.6248pt too wide) in paragraph at lines 378--379
[]$[]$$[]$
 []


Underfull \hbox (badness 10000) in paragraph at lines 378--379

 []


./graphs.tex:385: LaTeX Error: Too many unprocessed floats.

See the LaTeX manual or LaTeX Companion for explanation.
Type  H <return>  for immediate help.
 ...                                              
                                                  
l.385 ...rac{u_2^2}{D^2}\delta_{ik}\delta_{lj}}{1}
                                                  
? 
./graphs.tex:385: Undefined control sequence.
\caption@ORI@xfloat ... \global \setbox \@currbox 
                                                  \color@vbox \normalcolor \...
l.385 ...rac{u_2^2}{D^2}\delta_{ik}\delta_{lj}}{1}
                                                  
? 
./graphs.tex:385: Missing number, treated as zero.
<to be read again> 
                   \color@vbox 
l.385 ...rac{u_2^2}{D^2}\delta_{ik}\delta_{lj}}{1}
                                                  
? 
./graphs.tex:385: Undefined control sequence.
\@largefloatcheck ->\ifdim \ht \@currbox 
                                         >\textheight \@tempdima -\textheigh...
l.385 ...rac{u_2^2}{D^2}\delta_{ik}\delta_{lj}}{1}
                                                  
? 
./graphs.tex:385: Missing number, treated as zero.
<to be read again> 
                   >
l.385 ...rac{u_2^2}{D^2}\delta_{ik}\delta_{lj}}{1}
                                                  
? 
./graphs.tex:385: Undefined control sequence.
<argument> \@currbox 
                     
l.385 ...rac{u_2^2}{D^2}\delta_{ik}\delta_{lj}}{1}
                                                  
? 
./graphs.tex:385: Missing number, treated as zero.
<to be read again> 
                   \@elt 
l.385 ...rac{u_2^2}{D^2}\delta_{ik}\delta_{lj}}{1}
                                                  
? 
./graphs.tex:385: Missing = inserted for \ifnum.
<to be read again> 
                   \@elt 
l.385 ...rac{u_2^2}{D^2}\delta_{ik}\delta_{lj}}{1}
                                                  
? 
./graphs.tex:385: Missing number, treated as zero.
<to be read again> 
                   \@elt 
l.385 ...rac{u_2^2}{D^2}\delta_{ik}\delta_{lj}}{1}
                                                  
? 

./graphs.tex:385: LaTeX Error: This may be a LaTeX bug.

See the LaTeX manual or LaTeX Companion for explanation.
Type  H <return>  for immediate help.
 ...                                              
                                                  
l.385 ...rac{u_2^2}{D^2}\delta_{ik}\delta_{lj}}{1}
                                                  
? 
./graphs.tex:385: Interruption.
\GenericError  ...                                
                                                  \endgroup 
l.385 ...rac{u_2^2}{D^2}\delta_{ik}\delta_{lj}}{1}
                                                  
? 
./graphs.tex:385: Undefined control sequence.
\@addmarginpar ...advance \@tempdima \ht \@marbox 
                                                  \ifdim \@tempdima >\z@ \@l...
l.385 ...rac{u_2^2}{D^2}\delta_{ik}\delta_{lj}}{1}
                                                  
? 
./graphs.tex:385: Bad register code (-5841213).
\@addmarginpar ...e \space moved}\else \@tempdima 
                                                  \z@ \fi \global \@mparbott...
l.385 ...rac{u_2^2}{D^2}\delta_{ik}\delta_{lj}}{1}
                                                  
? 
./graphs.tex:385: Interruption.
<to be read again> 
                   \z@ 
l.385 ...rac{u_2^2}{D^2}\delta_{ik}\delta_{lj}}{1}
                                                  
? q
OK, entering \batchmode...
./graphs.tex:385: Missing number, treated as zero.
<to be read again> 
                   \global 
l.385 ...rac{u_2^2}{D^2}\delta_{ik}\delta_{lj}}{1}
                                                  
A number should have been here; I inserted `0'.
(If you can't figure out why I needed to see a number,
look up `weird error' in the index to The TeXbook.)

./graphs.tex:385: Illegal unit of measure (pt inserted).
<to be read again> 
                   \global 
l.385 ...rac{u_2^2}{D^2}\delta_{ik}\delta_{lj}}{1}
                                                  
Dimensions can be in units of em, ex, in, pt, pc,
cm, mm, dd, cc, nd, nc, bp, or sp; but yours is a new one!
I'll assume that you meant to say pt, for printer's points.
To recover gracefully from this error, it's best to
delete the erroneous units; e.g., type `2' to delete
two letters. (See Chapter 27 of The TeXbook.)

./graphs.tex:385: Undefined control sequence.
\@addmarginpar ...vance \@mparbottom \dp \@marbox 
                                                  \global \advance \@mparbot...
l.385 ...rac{u_2^2}{D^2}\delta_{ik}\delta_{lj}}{1}
                                                  
The control sequence at the end of the top line
of your error message was never \def'ed. If you have
misspelled it (e.g., `\hobx'), type `I' and the correct
spelling (e.g., `I\hbox'). Otherwise just continue,
and I'll forget about whatever was undefined.

./graphs.tex:385: Missing number, treated as zero.
<to be read again> 
                   \global 
l.385 ...rac{u_2^2}{D^2}\delta_{ik}\delta_{lj}}{1}
                                                  
A number should have been here; I inserted `0'.
(If you can't figure out why I needed to see a number,
look up `weird error' in the index to The TeXbook.)

./graphs.tex:385: Undefined control sequence.
\@addmarginpar ...dvance \@tempdima -\ht \@marbox 
                                                  \global \setbox \@marbox \...
l.385 ...rac{u_2^2}{D^2}\delta_{ik}\delta_{lj}}{1}
                                                  
The control sequence at the end of the top line
of your error message was never \def'ed. If you have
misspelled it (e.g., `\hobx'), type `I' and the correct
spelling (e.g., `I\hbox'). Otherwise just continue,
and I'll forget about whatever was undefined.

./graphs.tex:385: Missing number, treated as zero.
<to be read again> 
                   \global 
l.385 ...rac{u_2^2}{D^2}\delta_{ik}\delta_{lj}}{1}
                                                  
A number should have been here; I inserted `0'.
(If you can't figure out why I needed to see a number,
look up `weird error' in the index to The TeXbook.)

./graphs.tex:385: Undefined control sequence.
\@addmarginpar ...marbox \global \setbox \@marbox 
                                                  \vbox {\vskip \@tempdima \...
l.385 ...rac{u_2^2}{D^2}\delta_{ik}\delta_{lj}}{1}
                                                  
The control sequence at the end of the top line
of your error message was never \def'ed. If you have
misspelled it (e.g., `\hobx'), type `I' and the correct
spelling (e.g., `I\hbox'). Otherwise just continue,
and I'll forget about whatever was undefined.

./graphs.tex:385: Missing number, treated as zero.
<to be read again> 
                   \vbox 
l.385 ...rac{u_2^2}{D^2}\delta_{ik}\delta_{lj}}{1}
                                                  
A number should have been here; I inserted `0'.
(If you can't figure out why I needed to see a number,
look up `weird error' in the index to The TeXbook.)

./graphs.tex:385: Undefined control sequence.
\@addmarginpar ...\vskip \@tempdima \box \@marbox 
                                                  }\global \ht \@marbox \z@ ...
l.385 ...rac{u_2^2}{D^2}\delta_{ik}\delta_{lj}}{1}
                                                  
The control sequence at the end of the top line
of your error message was never \def'ed. If you have
misspelled it (e.g., `\hobx'), type `I' and the correct
spelling (e.g., `I\hbox'). Otherwise just continue,
and I'll forget about whatever was undefined.

./graphs.tex:385: Missing number, treated as zero.
<to be read again> 
                   }
l.385 ...rac{u_2^2}{D^2}\delta_{ik}\delta_{lj}}{1}
                                                  
A number should have been here; I inserted `0'.
(If you can't figure out why I needed to see a number,
look up `weird error' in the index to The TeXbook.)

./graphs.tex:385: Undefined control sequence.
\@addmarginpar ... \@marbox }\global \ht \@marbox 
                                                  \z@ \global \dp \@marbox \...
l.385 ...rac{u_2^2}{D^2}\delta_{ik}\delta_{lj}}{1}
                                                  
The control sequence at the end of the top line
of your error message was never \def'ed. If you have
misspelled it (e.g., `\hobx'), type `I' and the correct
spelling (e.g., `I\hbox'). Otherwise just continue,
and I'll forget about whatever was undefined.

./graphs.tex:385: Missing number, treated as zero.
<to be read again> 
                   \global 
l.385 ...rac{u_2^2}{D^2}\delta_{ik}\delta_{lj}}{1}
                                                  
A number should have been here; I inserted `0'.
(If you can't figure out why I needed to see a number,
look up `weird error' in the index to The TeXbook.)

./graphs.tex:385: Illegal unit of measure (pt inserted).
<to be read again> 
                   \global 
l.385 ...rac{u_2^2}{D^2}\delta_{ik}\delta_{lj}}{1}
                                                  
Dimensions can be in units of em, ex, in, pt, pc,
cm, mm, dd, cc, nd, nc, bp, or sp; but yours is a new one!
I'll assume that you meant to say pt, for printer's points.
To recover gracefully from this error, it's best to
delete the erroneous units; e.g., type `2' to delete
two letters. (See Chapter 27 of The TeXbook.)

./graphs.tex:385: Undefined control sequence.
\@addmarginpar ...marbox \z@ \global \dp \@marbox 
                                                  \z@ \kern -\@pagedp \noint...
l.385 ...rac{u_2^2}{D^2}\delta_{ik}\delta_{lj}}{1}
                                                  
The control sequence at the end of the top line
of your error message was never \def'ed. If you have
misspelled it (e.g., `\hobx'), type `I' and the correct
spelling (e.g., `I\hbox'). Otherwise just continue,
and I'll forget about whatever was undefined.

./graphs.tex:385: Missing number, treated as zero.
<to be read again> 
                   \kern 
l.385 ...rac{u_2^2}{D^2}\delta_{ik}\delta_{lj}}{1}
                                                  
A number should have been here; I inserted `0'.
(If you can't figure out why I needed to see a number,
look up `weird error' in the index to The TeXbook.)

./graphs.tex:385: Illegal unit of measure (pt inserted).
<to be read again> 
                   \kern 
l.385 ...rac{u_2^2}{D^2}\delta_{ik}\delta_{lj}}{1}
                                                  
Dimensions can be in units of em, ex, in, pt, pc,
cm, mm, dd, cc, nd, nc, bp, or sp; but yours is a new one!
I'll assume that you meant to say pt, for printer's points.
To recover gracefully from this error, it's best to
delete the erroneous units; e.g., type `2' to delete
two letters. (See Chapter 27 of The TeXbook.)

./graphs.tex:385: Undefined control sequence.
\@addmarginpar ...arginparwidth \fi \box \@marbox 
                                                  \hss }\nointerlineskip \hb...
l.385 ...rac{u_2^2}{D^2}\delta_{ik}\delta_{lj}}{1}
                                                  
The control sequence at the end of the top line
of your error message was never \def'ed. If you have
misspelled it (e.g., `\hobx'), type `I' and the correct
spelling (e.g., `I\hbox'). Otherwise just continue,
and I'll forget about whatever was undefined.

./graphs.tex:385: Missing number, treated as zero.
<to be read again> 
                   \hss 
l.385 ...rac{u_2^2}{D^2}\delta_{ik}\delta_{lj}}{1}
                                                  
A number should have been here; I inserted `0'.
(If you can't figure out why I needed to see a number,
look up `weird error' in the index to The TeXbook.)

Package epstopdf Info: Source file: <figure/obr21.eps>
(epstopdf)                    date: 2013-05-27 12:33:16
(epstopdf)                    size: 43039 bytes
(epstopdf)             Output file: <figure/obr21-eps-converted-to.pdf>
(epstopdf)                    date: 2013-11-06 21:04:38
(epstopdf)                    size: 19883 bytes
(epstopdf)             Command: <repstopdf --outfile=figure/obr21-eps-converted
-to.pdf figure/obr21.eps>
(epstopdf)             \includegraphics on input line 387.
Package epstopdf Info: Output file is already uptodate.
File: figure/obr21-eps-converted-to.pdf Graphic file (type pdf)
 <use figure/obr21-eps-converted-to.pdf>
Package pdftex.def Info: figure/obr21-eps-converted-to.pdf used on input line 3
87.
(pdftex.def)             Requested size: 178.75946pt x 42.78008pt.

Overfull \hbox (17.6248pt too wide) in paragraph at lines 387--388
[]$[]$$[]$
 []


Underfull \hbox (badness 10000) in paragraph at lines 387--388

 []

 [9] [10 <./figure/prop1-eps-converted-to.pdf> <./figure/prop2-eps-converted-to
.pdf> <./figure/prop3-eps-converted-to.pdf> <./figure/vert1-eps-converted-to.pd
f> <./figure/vert2-eps-converted-to.pdf> <./figure/vert3-eps-converted-to.pdf> 
<./figure/vert4-eps-converted-to.pdf>] [11] [12] (./graphs.aux) )
(\end occurred when \ifnum on line 376 was incomplete)
(\end occurred when \ifnum on line 376 was incomplete)
(\end occurred when \ifx on line 376 was incomplete)
(\end occurred when \ifnum on line 376 was incomplete)
(\end occurred when \ifnum on line 376 was incomplete)
(\end occurred when \ifnum on line 376 was incomplete)
(\end occurred when \ifnum on line 376 was incomplete)
(\end occurred when \ifnum on line 376 was incomplete)
(\end occurred when \ifnum on line 357 was incomplete)
(\end occurred when \ifnum on line 357 was incomplete)
(\end occurred when \ifx on line 357 was incomplete)
(\end occurred when \ifnum on line 357 was incomplete)
(\end occurred when \ifnum on line 357 was incomplete)
(\end occurred when \ifnum on line 357 was incomplete)
(\end occurred when \ifnum on line 357 was incomplete)
(\end occurred when \ifnum on line 357 was incomplete) 
Here is how much of TeX's memory you used:
 3934 strings out of 494819
 58379 string characters out of 3178888
 129345 words of memory out of 3000000
 7032 multiletter control sequences out of 15000+200000
 16591 words of font info for 61 fonts, out of 3000000 for 9000
 198 hyphenation exceptions out of 8191
 38i,11n,38p,284b,328s stack positions out of 5000i,500n,10000p,200000b,50000s
</usr/share/texmf-dist/fo
nts/type1/public/amsfonts/cm/cmbx12.pfb></usr/share/texmf-dist/fonts/type1/publ
ic/amsfonts/cm/cmex10.pfb></usr/share/texmf-dist/fonts/type1/public/amsfonts/cm
/cmmi12.pfb></usr/share/texmf-dist/fonts/type1/public/amsfonts/cm/cmmi6.pfb></u
sr/share/texmf-dist/fonts/type1/public/amsfonts/cm/cmmi8.pfb></usr/share/texmf-
dist/fonts/type1/public/amsfonts/cm/cmr12.pfb></usr/share/texmf-dist/fonts/type
1/public/amsfonts/cm/cmr17.pfb></usr/share/texmf-dist/fonts/type1/public/amsfon
ts/cm/cmr6.pfb></usr/share/texmf-dist/fonts/type1/public/amsfonts/cm/cmr8.pfb><
/usr/share/texmf-dist/fonts/type1/public/amsfonts/cm/cmsy10.pfb></usr/share/tex
mf-dist/fonts/type1/public/amsfonts/cm/cmsy6.pfb></usr/share/texmf-dist/fonts/t
ype1/public/amsfonts/cm/cmsy8.pfb>
Output written on graphs.pdf (12 pages, 333480 bytes).
PDF statistics:
 176 PDF objects out of 1000 (max. 8388607)
 120 compressed objects within 2 object streams
 0 named destinations out of 1000 (max. 500000)
 141 words of extra memory for PDF output out of 10000 (max. 10000000)

