This is pdfTeX, Version 3.1415926-2.4-1.40.13 (TeX Live 2012/Debian) (format=latex 2013.5.20)  2 SEP 2013 17:40
entering extended mode
 restricted \write18 enabled.
 %&-line parsing enabled.
**/home/dyens/science/science/gribov/jax2/Jaxo_tmp.tex
(/home/dyens/science/science/gribov/jax2/Jaxo_tmp.tex
LaTeX2e <2011/06/27>
Babel <v3.8m> and hyphenation patterns for english, dumylang, nohyphenation, bu
lgarian, ukrainian, russian, loaded.
(/usr/share/texlive/texmf-dist/tex/latex/base/article.cls
Document Class: article 2007/10/19 v1.4h Standard LaTeX document class
(/usr/share/texlive/texmf-dist/tex/latex/base/size10.clo
File: size10.clo 2007/10/19 v1.4h Standard LaTeX file (size option)
)
\c@part=\count79
\c@section=\count80
\c@subsection=\count81
\c@subsubsection=\count82
\c@paragraph=\count83
\c@subparagraph=\count84
\c@figure=\count85
\c@table=\count86
\abovecaptionskip=\skip41
\belowcaptionskip=\skip42
\bibindent=\dimen102
)

! LaTeX Error: File `axodraw4j.sty' not found.

Type X to quit or <RETURN> to proceed,
or enter new name. (Default extension: sty)

Enter file name: 
! Emergency stop.
<read *> 
         
l.10 \usepackage
                {pstricks}^^M
*** (cannot \read from terminal in nonstop modes)

 
Here is how much of TeX's memory you used:
 201 strings out of 494817
 2272 string characters out of 3177901
 47775 words of memory out of 3000000
 3480 multiletter control sequences out of 15000+200000
 3640 words of font info for 14 fonts, out of 3000000 for 9000
 198 hyphenation exceptions out of 8191
 23i,0n,17p,179b,36s stack positions out of 5000i,500n,10000p,200000b,50000s
No pages of output.
